Using pre-set license
Built from '2022.3/staging' branch; Version is '2022.3.14f1 (eff2de9070d8) revision 15725278'; Using compiler version '192829333'; Build Type 'Release'
OS: 'Windows 11  (10.0.22631) 64bit Professional' Language: 'ko' Physical Memory: 16316 MB
BatchMode: 1, IsHumanControllingUs: 0, StartBugReporterOnCrash: 0, Is64bit: 1, IsPro: 1

COMMAND LINE ARGUMENTS:
C:\Program Files\Unity\Hub\Editor\2022.3.14f1\Editor\Unity.exe
-adb2
-batchMode
-noUpm
-name
AssetImportWorker4
-projectPath
C:/Users/A/Desktop/Runner-Game/Run Game
-logFile
Logs/AssetImportWorker4.log
-srvPort
12975
Successfully changed project path to: C:/Users/A/Desktop/Runner-Game/Run Game
C:/Users/A/Desktop/Runner-Game/Run Game
[UnityMemory] Configuration Parameters - Can be set up in boot.config
    "memorysetup-bucket-allocator-granularity=16"
    "memorysetup-bucket-allocator-bucket-count=8"
    "memorysetup-bucket-allocator-block-size=33554432"
    "memorysetup-bucket-allocator-block-count=8"
    "memorysetup-main-allocator-block-size=16777216"
    "memorysetup-thread-allocator-block-size=16777216"
    "memorysetup-gfx-main-allocator-block-size=16777216"
    "memorysetup-gfx-thread-allocator-block-size=16777216"
    "memorysetup-cache-allocator-block-size=4194304"
    "memorysetup-typetree-allocator-block-size=2097152"
    "memorysetup-profiler-bucket-allocator-granularity=16"
    "memorysetup-profiler-bucket-allocator-bucket-count=8"
    "memorysetup-profiler-bucket-allocator-block-size=33554432"
    "memorysetup-profiler-bucket-allocator-block-count=8"
    "memorysetup-profiler-allocator-block-size=16777216"
    "memorysetup-profiler-editor-allocator-block-size=1048576"
    "memorysetup-temp-allocator-size-main=16777216"
    "memorysetup-job-temp-allocator-block-size=2097152"
    "memorysetup-job-temp-allocator-block-size-background=1048576"
    "memorysetup-job-temp-allocator-reduction-small-platforms=262144"
    "memorysetup-allocator-temp-initial-block-size-main=262144"
    "memorysetup-allocator-temp-initial-block-size-worker=262144"
    "memorysetup-temp-allocator-size-background-worker=32768"
    "memorysetup-temp-allocator-size-job-worker=262144"
    "memorysetup-temp-allocator-size-preload-manager=33554432"
    "memorysetup-temp-allocator-size-nav-mesh-worker=65536"
    "memorysetup-temp-allocator-size-audio-worker=65536"
    "memorysetup-temp-allocator-size-cloud-worker=32768"
    "memorysetup-temp-allocator-size-gi-baking-worker=262144"
    "memorysetup-temp-allocator-size-gfx=262144"
Player connection [5372] Host "[IP] 192.168.219.101 [Port] 0 [Flags] 2 [Guid] 843248210 [EditorId] 843248210 [Version] 1048832 [Id] WindowsEditor(7,i3-6100) [Debug] 1 [PackageName] WindowsEditor [ProjectName] Editor" joined multi-casting on [225.0.0.222:54997]...

Player connection [5372] Host "[IP] 192.168.219.101 [Port] 0 [Flags] 2 [Guid] 843248210 [EditorId] 843248210 [Version] 1048832 [Id] WindowsEditor(7,i3-6100) [Debug] 1 [PackageName] WindowsEditor [ProjectName] Editor" joined alternative multi-casting on [225.0.0.222:34997]...

[Physics::Module] Initialized MultithreadedJobDispatcher with 11 workers.
Refreshing native plugins compatible for Editor in 19.76 ms, found 3 plugins.
Preloading 0 native plugins for Editor in 0.00 ms.
Initialize engine version: 2022.3.14f1 (eff2de9070d8)
[Subsystems] Discovering subsystems at path C:/Program Files/Unity/Hub/Editor/2022.3.14f1/Editor/Data/Resources/UnitySubsystems
[Subsystems] Discovering subsystems at path C:/Users/A/Desktop/Runner-Game/Run Game/Assets
GfxDevice: creating device client; threaded=0; jobified=0
Direct3D:
    Version:  Direct3D 11.0 [level 11.1]
    Renderer: NVIDIA GeForce GTX 1660 SUPER (ID=0x21c4)
    Vendor:   NVIDIA
    VRAM:     5981 MB
    Driver:   31.0.15.4633
Initialize mono
Mono path[0] = 'C:/Program Files/Unity/Hub/Editor/2022.3.14f1/Editor/Data/Managed'
Mono path[1] = 'C:/Program Files/Unity/Hub/Editor/2022.3.14f1/Editor/Data/MonoBleedingEdge/lib/mono/unityjit-win32'
Mono config path = 'C:/Program Files/Unity/Hub/Editor/2022.3.14f1/Editor/Data/MonoBleedingEdge/etc'
Using monoOptions --debugger-agent=transport=dt_socket,embedding=1,server=y,suspend=n,address=127.0.0.1:56224
Begin MonoManager ReloadAssembly
Registering precompiled unity dll's ...
Register platform support module: C:/Program Files/Unity/Hub/Editor/2022.3.14f1/Editor/Data/PlaybackEngines/WebGLSupport/UnityEditor.WebGL.Extensions.dll
Register platform support module: C:/Program Files/Unity/Hub/Editor/2022.3.14f1/Editor/Data/PlaybackEngines/AndroidPlayer/UnityEditor.Android.Extensions.dll
Register platform support module: C:/Program Files/Unity/Hub/Editor/2022.3.14f1/Editor/Data/PlaybackEngines/WindowsStandaloneSupport/UnityEditor.WindowsStandalone.Extensions.dll
Register platform support module: C:/Program Files/Unity/Hub/Editor/2022.3.14f1/Editor/Data/PlaybackEngines/MetroSupport/UnityEditor.UWP.Extensions.dll
Registered in 0.037632 seconds.
- Loaded All Assemblies, in  0.553 seconds
Native extension for UWP target not found
Native extension for WindowsStandalone target not found
Native extension for Android target not found
Android Extension - Scanning For ADB Devices 2406 ms
Native extension for WebGL target not found
Mono: successfully reloaded assembly
- Finished resetting the current domain, in  2.801 seconds
Domain Reload Profiling: 3348ms
	BeginReloadAssembly (194ms)
		ExecutionOrderSort (0ms)
		DisableScriptedObjects (0ms)
		BackupInstance (0ms)
		ReleaseScriptingObjects (0ms)
		CreateAndSetChildDomain (1ms)
	RebuildCommonClasses (41ms)
	RebuildNativeTypeToScriptingClass (11ms)
	initialDomainReloadingComplete (111ms)
	LoadAllAssembliesAndSetupDomain (188ms)
		LoadAssemblies (190ms)
		RebuildTransferFunctionScriptingTraits (0ms)
		AnalyzeDomain (182ms)
			TypeCache.Refresh (180ms)
				TypeCache.ScanAssembly (164ms)
			ScanForSourceGeneratedMonoScriptInfo (0ms)
			ResolveRequiredComponents (1ms)
	FinalizeReload (2802ms)
		ReleaseScriptCaches (0ms)
		RebuildScriptCaches (0ms)
		SetupLoadedEditorAssemblies (2731ms)
			LogAssemblyErrors (0ms)
			InitializePlatformSupportModulesInManaged (2545ms)
			SetLoadedEditorAssemblies (4ms)
			RefreshPlugins (0ms)
			BeforeProcessingInitializeOnLoad (2ms)
			ProcessInitializeOnLoadAttributes (117ms)
			ProcessInitializeOnLoadMethodAttributes (62ms)
			AfterProcessingInitializeOnLoad (0ms)
			EditorAssembliesLoaded (0ms)
		ExecutionOrderSort2 (0ms)
		AwakeInstancesAfterBackupRestoration (0ms)
========================================================================
Worker process is ready to serve import requests
Begin MonoManager ReloadAssembly
- Loaded All Assemblies, in  1.000 seconds
Refreshing native plugins compatible for Editor in 9.56 ms, found 3 plugins.
Native extension for UWP target not found
Native extension for WindowsStandalone target not found
Native extension for Android target not found
Native extension for WebGL target not found
Package Manager log level set to [2]
[Package Manager] Server::EnsureServerProcessIsRunning -- launch failed, reason: Unity was launched with the -noUpm command-line argument
[Package Manager] UpmClient::Send -- Unable to send message (not connected to UPM process).
[Package Manager] Cannot connect to Unity Package Manager local server
Mono: successfully reloaded assembly
- Finished resetting the current domain, in  0.975 seconds
Domain Reload Profiling: 1964ms
	BeginReloadAssembly (216ms)
		ExecutionOrderSort (0ms)
		DisableScriptedObjects (6ms)
		BackupInstance (0ms)
		ReleaseScriptingObjects (0ms)
		CreateAndSetChildDomain (23ms)
	RebuildCommonClasses (43ms)
	RebuildNativeTypeToScriptingClass (11ms)
	initialDomainReloadingComplete (64ms)
	LoadAllAssembliesAndSetupDomain (654ms)
		LoadAssemblies (547ms)
		RebuildTransferFunctionScriptingTraits (0ms)
		AnalyzeDomain (250ms)
			TypeCache.Refresh (218ms)
				TypeCache.ScanAssembly (197ms)
			ScanForSourceGeneratedMonoScriptInfo (23ms)
			ResolveRequiredComponents (8ms)
	FinalizeReload (976ms)
		ReleaseScriptCaches (0ms)
		RebuildScriptCaches (0ms)
		SetupLoadedEditorAssemblies (774ms)
			LogAssemblyErrors (0ms)
			InitializePlatformSupportModulesInManaged (50ms)
			SetLoadedEditorAssemblies (5ms)
			RefreshPlugins (0ms)
			BeforeProcessingInitializeOnLoad (158ms)
			ProcessInitializeOnLoadAttributes (451ms)
			ProcessInitializeOnLoadMethodAttributes (84ms)
			AfterProcessingInitializeOnLoad (26ms)
			EditorAssembliesLoaded (0ms)
		ExecutionOrderSort2 (0ms)
		AwakeInstancesAfterBackupRestoration (16ms)
Launched and connected shader compiler UnityShaderCompiler.exe after 0.07 seconds
Refreshing native plugins compatible for Editor in 9.23 ms, found 3 plugins.
Preloading 0 native plugins for Editor in 0.00 ms.
Unloading 4348 Unused Serialized files (Serialized files now loaded: 0)
Unloading 56 unused Assets / (416.9 KB). Loaded Objects now: 4813.
Memory consumption went from 160.4 MB to 160.0 MB.
Total: 3.315700 ms (FindLiveObjects: 0.373800 ms CreateObjectMapping: 0.344700 ms MarkObjects: 2.431600 ms  DeleteObjects: 0.164600 ms)

AssetImportParameters requested are different than current active one (requested -> active):
  custom:container-demuxer-ogg: 62fdf1f143b41e24485cea50d1cbac27 -> 
  custom:video-codec-MediaFoundation-h265: 746d11721c4dcdbdad8f713fa42b33f4 -> 
  custom:video-decoder-ogg-theora: a1e56fd34408186e4bbccfd4996cb3dc -> 
  custom:framework-win-MediaFoundation: 216162199b28c13a410421893ffa2e32 -> 
  custom:CustomObjectIndexerAttribute: 756ad292c208cfabdd7b50bc23989ffe -> 
  custom:container-demuxer-webm: 4f35f7cbe854078d1ac9338744f61a02 -> 
  custom:container-muxer-webm: aa71ff27fc2769a1b78a27578f13a17b -> 
  custom:video-decoder-webm-vp8: 9c59270c3fd7afecdb556c50c9e8de78 -> 
  custom:SearchIndexIgnoredProperties: e643bd26f0fe6173181afceb89e7c659 -> 
  custom:AudioImporter_EditorPlatform: d09bf68614088b80899f8185d706f6e7 -> 
  custom:video-encoder-webm-vp8: eb34c28f22e8b96e1ab97ce403110664 -> 
  custom:audio-decoder-ogg-vorbis: bf7c407c2cedff20999df2af8eb42d56 -> 
  custom:audio-encoder-webm-vorbis: bf7c407c2cedff20999df2af8eb42d56 -> 
========================================================================
Received Import Request.
  Time since last request: 877788.351960 seconds.
  path: Assets/03.Prefabs/Vehicle/Car_1_Yellow_P.prefab
  artifactKey: Guid(eebf4e0e54d02314c8aa2bba6a895c7e) Importer(815301076,1909f56bfc062723c751e8b465ee728b)
Start importing Assets/03.Prefabs/Vehicle/Car_1_Yellow_P.prefab using Guid(eebf4e0e54d02314c8aa2bba6a895c7e) Importer(815301076,1909f56bfc062723c751e8b465ee728b)  -> (artifact id: 'dd13331c1df804f938d08dd6aa3f9290') in 0.103982 seconds
Number of updated asset objects reloaded before import = 0
Number of asset objects unloaded after import = 70
========================================================================
Received Import Request.
  Time since last request: 5.365700 seconds.
  path: Assets/03.Prefabs/Vehicle/Car_1_Yellow_P.prefab
  artifactKey: Guid(eebf4e0e54d02314c8aa2bba6a895c7e) Importer(815301076,1909f56bfc062723c751e8b465ee728b)
Start importing Assets/03.Prefabs/Vehicle/Car_1_Yellow_P.prefab using Guid(eebf4e0e54d02314c8aa2bba6a895c7e) Importer(815301076,1909f56bfc062723c751e8b465ee728b)  -> (artifact id: '49aa5d9c8f9b5db3eed2a0ba1655b1c3') in 0.020010 seconds
Number of updated asset objects reloaded before import = 0
Number of asset objects unloaded after import = 70
========================================================================
Received Import Request.
  Time since last request: 5.661560 seconds.
  path: Assets/03.Prefabs/Vehicle/Car_1_Yellow_P.prefab
  artifactKey: Guid(eebf4e0e54d02314c8aa2bba6a895c7e) Importer(815301076,1909f56bfc062723c751e8b465ee728b)
Start importing Assets/03.Prefabs/Vehicle/Car_1_Yellow_P.prefab using Guid(eebf4e0e54d02314c8aa2bba6a895c7e) Importer(815301076,1909f56bfc062723c751e8b465ee728b)  -> (artifact id: '2546b04f0f17b6727e512fe47b97b524') in 0.016292 seconds
Number of updated asset objects reloaded before import = 0
Number of asset objects unloaded after import = 70
========================================================================
Received Import Request.
  Time since last request: 3.211081 seconds.
  path: Assets/03.Prefabs/Vehicle/Car_1_Yellow_P.prefab
  artifactKey: Guid(eebf4e0e54d02314c8aa2bba6a895c7e) Importer(815301076,1909f56bfc062723c751e8b465ee728b)
Start importing Assets/03.Prefabs/Vehicle/Car_1_Yellow_P.prefab using Guid(eebf4e0e54d02314c8aa2bba6a895c7e) Importer(815301076,1909f56bfc062723c751e8b465ee728b)  -> (artifact id: 'd178d9a7e99322dba4f2ecdf3f55d145') in 0.020188 seconds
Number of updated asset objects reloaded before import = 0
Number of asset objects unloaded after import = 70
========================================================================
Received Import Request.
  Time since last request: 22.306007 seconds.
  path: Assets/03.Prefabs/Vehicle/Car_1_Blue_P.prefab
  artifactKey: Guid(fdd4a186c754a164e9d5b89fae7a5616) Importer(815301076,1909f56bfc062723c751e8b465ee728b)
Start importing Assets/03.Prefabs/Vehicle/Car_1_Blue_P.prefab using Guid(fdd4a186c754a164e9d5b89fae7a5616) Importer(815301076,1909f56bfc062723c751e8b465ee728b)  -> (artifact id: '3b50b6d6664d0af75e23d73d9072da89') in 0.054883 seconds
Number of updated asset objects reloaded before import = 0
Number of asset objects unloaded after import = 68
========================================================================
Received Import Request.
  Time since last request: 19.318620 seconds.
  path: Assets/03.Prefabs/Vehicle/Bus_Blue_P.prefab
  artifactKey: Guid(074c5d3747bffb84f8eb37f9bf8305f0) Importer(815301076,1909f56bfc062723c751e8b465ee728b)
Start importing Assets/03.Prefabs/Vehicle/Bus_Blue_P.prefab using Guid(074c5d3747bffb84f8eb37f9bf8305f0) Importer(815301076,1909f56bfc062723c751e8b465ee728b)  -> (artifact id: '189cdad67a373dab4c4fb5a15d730d39') in 0.022101 seconds
Number of updated asset objects reloaded before import = 0
Number of asset objects unloaded after import = 68
========================================================================
Received Import Request.
  Time since last request: 5.421249 seconds.
  path: Assets/03.Prefabs/Vehicle/Bus_Blue_P.prefab
  artifactKey: Guid(074c5d3747bffb84f8eb37f9bf8305f0) Importer(815301076,1909f56bfc062723c751e8b465ee728b)
Start importing Assets/03.Prefabs/Vehicle/Bus_Blue_P.prefab using Guid(074c5d3747bffb84f8eb37f9bf8305f0) Importer(815301076,1909f56bfc062723c751e8b465ee728b)  -> (artifact id: '0f1ccf84fe748953cf58ba2ba3355bf5') in 0.016460 seconds
Number of updated asset objects reloaded before import = 0
Number of asset objects unloaded after import = 68
========================================================================
Received Import Request.
  Time since last request: 4.628631 seconds.
  path: Assets/03.Prefabs/Vehicle/Bus_Blue_P.prefab
  artifactKey: Guid(074c5d3747bffb84f8eb37f9bf8305f0) Importer(815301076,1909f56bfc062723c751e8b465ee728b)
Start importing Assets/03.Prefabs/Vehicle/Bus_Blue_P.prefab using Guid(074c5d3747bffb84f8eb37f9bf8305f0) Importer(815301076,1909f56bfc062723c751e8b465ee728b)  -> (artifact id: '7b36d768514ee3bf1117d8c3566dd674') in 0.015933 seconds
Number of updated asset objects reloaded before import = 0
Number of asset objects unloaded after import = 68
========================================================================
Received Import Request.
  Time since last request: 4.427356 seconds.
  path: Assets/03.Prefabs/Vehicle/Bus_Blue_P.prefab
  artifactKey: Guid(074c5d3747bffb84f8eb37f9bf8305f0) Importer(815301076,1909f56bfc062723c751e8b465ee728b)
Start importing Assets/03.Prefabs/Vehicle/Bus_Blue_P.prefab using Guid(074c5d3747bffb84f8eb37f9bf8305f0) Importer(815301076,1909f56bfc062723c751e8b465ee728b)  -> (artifact id: '79f1d11c03294be872edbe53eb0dc614') in 0.015758 seconds
Number of updated asset objects reloaded before import = 0
Number of asset objects unloaded after import = 68
========================================================================
Received Import Request.
  Time since last request: 2.410299 seconds.
  path: Assets/03.Prefabs/Vehicle/Bus_Blue_P.prefab
  artifactKey: Guid(074c5d3747bffb84f8eb37f9bf8305f0) Importer(815301076,1909f56bfc062723c751e8b465ee728b)
Start importing Assets/03.Prefabs/Vehicle/Bus_Blue_P.prefab using Guid(074c5d3747bffb84f8eb37f9bf8305f0) Importer(815301076,1909f56bfc062723c751e8b465ee728b)  -> (artifact id: '25327a777203a297f4a5dab9b1f5ede0') in 0.016358 seconds
Number of updated asset objects reloaded before import = 0
Number of asset objects unloaded after import = 68
========================================================================
Received Import Request.
  Time since last request: 2.812932 seconds.
  path: Assets/03.Prefabs/Vehicle/Bus_Blue_P.prefab
  artifactKey: Guid(074c5d3747bffb84f8eb37f9bf8305f0) Importer(815301076,1909f56bfc062723c751e8b465ee728b)
Start importing Assets/03.Prefabs/Vehicle/Bus_Blue_P.prefab using Guid(074c5d3747bffb84f8eb37f9bf8305f0) Importer(815301076,1909f56bfc062723c751e8b465ee728b)  -> (artifact id: 'e0f9c876923336989578bc4b3bcc9a8e') in 0.015828 seconds
Number of updated asset objects reloaded before import = 0
Number of asset objects unloaded after import = 68
========================================================================
Received Import Request.
  Time since last request: 2.824676 seconds.
  path: Assets/03.Prefabs/Vehicle/Bus_Blue_P.prefab
  artifactKey: Guid(074c5d3747bffb84f8eb37f9bf8305f0) Importer(815301076,1909f56bfc062723c751e8b465ee728b)
Start importing Assets/03.Prefabs/Vehicle/Bus_Blue_P.prefab using Guid(074c5d3747bffb84f8eb37f9bf8305f0) Importer(815301076,1909f56bfc062723c751e8b465ee728b)  -> (artifact id: 'a499546843a0d15405b2458c668e6075') in 0.014923 seconds
Number of updated asset objects reloaded before import = 0
Number of asset objects unloaded after import = 68
========================================================================
Received Import Request.
  Time since last request: 7.092475 seconds.
  path: Assets/03.Prefabs/Vehicle/Bus_Blue_P.prefab
  artifactKey: Guid(074c5d3747bffb84f8eb37f9bf8305f0) Importer(815301076,1909f56bfc062723c751e8b465ee728b)
Start importing Assets/03.Prefabs/Vehicle/Bus_Blue_P.prefab using Guid(074c5d3747bffb84f8eb37f9bf8305f0) Importer(815301076,1909f56bfc062723c751e8b465ee728b)  -> (artifact id: '3e6d08a42ccf50b614f9ca87683b5a22') in 0.015996 seconds
Number of updated asset objects reloaded before import = 0
Number of asset objects unloaded after import = 68
========================================================================
Received Import Request.
  Time since last request: 2.614967 seconds.
  path: Assets/03.Prefabs/Vehicle/Bus_Blue_P.prefab
  artifactKey: Guid(074c5d3747bffb84f8eb37f9bf8305f0) Importer(815301076,1909f56bfc062723c751e8b465ee728b)
Start importing Assets/03.Prefabs/Vehicle/Bus_Blue_P.prefab using Guid(074c5d3747bffb84f8eb37f9bf8305f0) Importer(815301076,1909f56bfc062723c751e8b465ee728b)  -> (artifact id: '785c59cecee8e48ef450ba881888d06d') in 0.017895 seconds
Number of updated asset objects reloaded before import = 0
Number of asset objects unloaded after import = 68
========================================================================
Received Import Request.
  Time since last request: 15.047289 seconds.
  path: Assets/03.Prefabs/Vehicle/Bus_Green_P.prefab
  artifactKey: Guid(cf62bc5b7ce5e934da32890e90e4a1b1) Importer(815301076,1909f56bfc062723c751e8b465ee728b)
Start importing Assets/03.Prefabs/Vehicle/Bus_Green_P.prefab using Guid(cf62bc5b7ce5e934da32890e90e4a1b1) Importer(815301076,1909f56bfc062723c751e8b465ee728b)  -> (artifact id: '5703ba562aa62cafa5b4ab6040ebf92d') in 0.022224 seconds
Number of updated asset objects reloaded before import = 0
Number of asset objects unloaded after import = 70
========================================================================
Received Import Request.
  Time since last request: 0.000028 seconds.
  path: Assets/03.Prefabs/Vehicle/Bus_Yellow_P.prefab
  artifactKey: Guid(17d39ee79cb8a7c4a9f3d943e4e519c0) Importer(815301076,1909f56bfc062723c751e8b465ee728b)
Start importing Assets/03.Prefabs/Vehicle/Bus_Yellow_P.prefab using Guid(17d39ee79cb8a7c4a9f3d943e4e519c0) Importer(815301076,1909f56bfc062723c751e8b465ee728b)  -> (artifact id: 'a5e929c71072bce3333143f1c0474457') in 0.022703 seconds
Number of updated asset objects reloaded before import = 0
Number of asset objects unloaded after import = 70
Editor requested this worker to shutdown with reason: Scaling down because of idle timeout
TcpMessagingSession - receive error: operation aborted. errorcode: 995, details: 스레드 종료 또는 응용 프로그램 요청 때문에 I/O 작업이 취소되었습니다.
AssetImportWorker is now disconnected from the server
Process exiting
Exiting without the bug reporter. Application will terminate with return code 0