Using pre-set license
Built from '2022.3/staging' branch; Version is '2022.3.14f1 (eff2de9070d8) revision 15725278'; Using compiler version '192829333'; Build Type 'Release'
OS: 'Windows 11  (10.0.22631) 64bit Professional' Language: 'ko' Physical Memory: 16316 MB
BatchMode: 1, IsHumanControllingUs: 0, StartBugReporterOnCrash: 0, Is64bit: 1, IsPro: 1

COMMAND LINE ARGUMENTS:
C:\Program Files\Unity\Hub\Editor\2022.3.14f1\Editor\Unity.exe
-adb2
-batchMode
-noUpm
-name
AssetImportWorker4
-projectPath
C:/Users/A/Desktop/Runner-Game/Run Game
-logFile
Logs/AssetImportWorker4.log
-srvPort
6464
Successfully changed project path to: C:/Users/A/Desktop/Runner-Game/Run Game
C:/Users/A/Desktop/Runner-Game/Run Game
[UnityMemory] Configuration Parameters - Can be set up in boot.config
    "memorysetup-bucket-allocator-granularity=16"
    "memorysetup-bucket-allocator-bucket-count=8"
    "memorysetup-bucket-allocator-block-size=33554432"
    "memorysetup-bucket-allocator-block-count=8"
    "memorysetup-main-allocator-block-size=16777216"
    "memorysetup-thread-allocator-block-size=16777216"
    "memorysetup-gfx-main-allocator-block-size=16777216"
    "memorysetup-gfx-thread-allocator-block-size=16777216"
    "memorysetup-cache-allocator-block-size=4194304"
    "memorysetup-typetree-allocator-block-size=2097152"
    "memorysetup-profiler-bucket-allocator-granularity=16"
    "memorysetup-profiler-bucket-allocator-bucket-count=8"
    "memorysetup-profiler-bucket-allocator-block-size=33554432"
    "memorysetup-profiler-bucket-allocator-block-count=8"
    "memorysetup-profiler-allocator-block-size=16777216"
    "memorysetup-profiler-editor-allocator-block-size=1048576"
    "memorysetup-temp-allocator-size-main=16777216"
    "memorysetup-job-temp-allocator-block-size=2097152"
    "memorysetup-job-temp-allocator-block-size-background=1048576"
    "memorysetup-job-temp-allocator-reduction-small-platforms=262144"
    "memorysetup-allocator-temp-initial-block-size-main=262144"
    "memorysetup-allocator-temp-initial-block-size-worker=262144"
    "memorysetup-temp-allocator-size-background-worker=32768"
    "memorysetup-temp-allocator-size-job-worker=262144"
    "memorysetup-temp-allocator-size-preload-manager=33554432"
    "memorysetup-temp-allocator-size-nav-mesh-worker=65536"
    "memorysetup-temp-allocator-size-audio-worker=65536"
    "memorysetup-temp-allocator-size-cloud-worker=32768"
    "memorysetup-temp-allocator-size-gi-baking-worker=262144"
    "memorysetup-temp-allocator-size-gfx=262144"
Player connection [21192] Host "[IP] 192.168.219.101 [Port] 0 [Flags] 2 [Guid] 3788829913 [EditorId] 3788829913 [Version] 1048832 [Id] WindowsEditor(7,i3-6100) [Debug] 1 [PackageName] WindowsEditor [ProjectName] Editor" joined multi-casting on [225.0.0.222:54997]...

Player connection [21192] Host "[IP] 192.168.219.101 [Port] 0 [Flags] 2 [Guid] 3788829913 [EditorId] 3788829913 [Version] 1048832 [Id] WindowsEditor(7,i3-6100) [Debug] 1 [PackageName] WindowsEditor [ProjectName] Editor" joined alternative multi-casting on [225.0.0.222:34997]...

[Physics::Module] Initialized MultithreadedJobDispatcher with 11 workers.
Refreshing native plugins compatible for Editor in 19.81 ms, found 3 plugins.
Preloading 0 native plugins for Editor in 0.00 ms.
Initialize engine version: 2022.3.14f1 (eff2de9070d8)
[Subsystems] Discovering subsystems at path C:/Program Files/Unity/Hub/Editor/2022.3.14f1/Editor/Data/Resources/UnitySubsystems
[Subsystems] Discovering subsystems at path C:/Users/A/Desktop/Runner-Game/Run Game/Assets
GfxDevice: creating device client; threaded=0; jobified=0
Direct3D:
    Version:  Direct3D 11.0 [level 11.1]
    Renderer: NVIDIA GeForce GTX 1660 SUPER (ID=0x21c4)
    Vendor:   NVIDIA
    VRAM:     5966 MB
    Driver:   31.0.15.5123
Initialize mono
Mono path[0] = 'C:/Program Files/Unity/Hub/Editor/2022.3.14f1/Editor/Data/Managed'
Mono path[1] = 'C:/Program Files/Unity/Hub/Editor/2022.3.14f1/Editor/Data/MonoBleedingEdge/lib/mono/unityjit-win32'
Mono config path = 'C:/Program Files/Unity/Hub/Editor/2022.3.14f1/Editor/Data/MonoBleedingEdge/etc'
Using monoOptions --debugger-agent=transport=dt_socket,embedding=1,server=y,suspend=n,address=127.0.0.1:56300
Begin MonoManager ReloadAssembly
Registering precompiled unity dll's ...
Register platform support module: C:/Program Files/Unity/Hub/Editor/2022.3.14f1/Editor/Data/PlaybackEngines/WebGLSupport/UnityEditor.WebGL.Extensions.dll
Register platform support module: C:/Program Files/Unity/Hub/Editor/2022.3.14f1/Editor/Data/PlaybackEngines/AndroidPlayer/UnityEditor.Android.Extensions.dll
Register platform support module: C:/Program Files/Unity/Hub/Editor/2022.3.14f1/Editor/Data/PlaybackEngines/WindowsStandaloneSupport/UnityEditor.WindowsStandalone.Extensions.dll
Register platform support module: C:/Program Files/Unity/Hub/Editor/2022.3.14f1/Editor/Data/PlaybackEngines/MetroSupport/UnityEditor.UWP.Extensions.dll
Registered in 0.037616 seconds.
- Loaded All Assemblies, in  0.531 seconds
Native extension for UWP target not found
Native extension for WindowsStandalone target not found
Native extension for Android target not found
Android Extension - Scanning For ADB Devices 2342 ms
Native extension for WebGL target not found
Mono: successfully reloaded assembly
- Finished resetting the current domain, in  2.687 seconds
Domain Reload Profiling: 3212ms
	BeginReloadAssembly (172ms)
		ExecutionOrderSort (0ms)
		DisableScriptedObjects (0ms)
		BackupInstance (0ms)
		ReleaseScriptingObjects (0ms)
		CreateAndSetChildDomain (1ms)
	RebuildCommonClasses (41ms)
	RebuildNativeTypeToScriptingClass (11ms)
	initialDomainReloadingComplete (113ms)
	LoadAllAssembliesAndSetupDomain (186ms)
		LoadAssemblies (170ms)
		RebuildTransferFunctionScriptingTraits (0ms)
		AnalyzeDomain (180ms)
			TypeCache.Refresh (179ms)
				TypeCache.ScanAssembly (164ms)
			ScanForSourceGeneratedMonoScriptInfo (0ms)
			ResolveRequiredComponents (0ms)
	FinalizeReload (2688ms)
		ReleaseScriptCaches (0ms)
		RebuildScriptCaches (0ms)
		SetupLoadedEditorAssemblies (2628ms)
			LogAssemblyErrors (0ms)
			InitializePlatformSupportModulesInManaged (2464ms)
			SetLoadedEditorAssemblies (4ms)
			RefreshPlugins (0ms)
			BeforeProcessingInitializeOnLoad (2ms)
			ProcessInitializeOnLoadAttributes (103ms)
			ProcessInitializeOnLoadMethodAttributes (54ms)
			AfterProcessingInitializeOnLoad (0ms)
			EditorAssembliesLoaded (0ms)
		ExecutionOrderSort2 (0ms)
		AwakeInstancesAfterBackupRestoration (0ms)
========================================================================
Worker process is ready to serve import requests
Begin MonoManager ReloadAssembly
- Loaded All Assemblies, in  0.919 seconds
Refreshing native plugins compatible for Editor in 8.26 ms, found 3 plugins.
Native extension for UWP target not found
Native extension for WindowsStandalone target not found
Native extension for Android target not found
Native extension for WebGL target not found
Package Manager log level set to [2]
[Package Manager] Server::EnsureServerProcessIsRunning -- launch failed, reason: Unity was launched with the -noUpm command-line argument
[Package Manager] UpmClient::Send -- Unable to send message (not connected to UPM process).
[Package Manager] Cannot connect to Unity Package Manager local server
Mono: successfully reloaded assembly
- Finished resetting the current domain, in  0.804 seconds
Domain Reload Profiling: 1712ms
	BeginReloadAssembly (187ms)
		ExecutionOrderSort (0ms)
		DisableScriptedObjects (6ms)
		BackupInstance (0ms)
		ReleaseScriptingObjects (0ms)
		CreateAndSetChildDomain (20ms)
	RebuildCommonClasses (37ms)
	RebuildNativeTypeToScriptingClass (11ms)
	initialDomainReloadingComplete (60ms)
	LoadAllAssembliesAndSetupDomain (612ms)
		LoadAssemblies (516ms)
		RebuildTransferFunctionScriptingTraits (0ms)
		AnalyzeDomain (220ms)
			TypeCache.Refresh (193ms)
				TypeCache.ScanAssembly (175ms)
			ScanForSourceGeneratedMonoScriptInfo (19ms)
			ResolveRequiredComponents (6ms)
	FinalizeReload (805ms)
		ReleaseScriptCaches (0ms)
		RebuildScriptCaches (0ms)
		SetupLoadedEditorAssemblies (635ms)
			LogAssemblyErrors (0ms)
			InitializePlatformSupportModulesInManaged (39ms)
			SetLoadedEditorAssemblies (4ms)
			RefreshPlugins (0ms)
			BeforeProcessingInitializeOnLoad (131ms)
			ProcessInitializeOnLoadAttributes (375ms)
			ProcessInitializeOnLoadMethodAttributes (65ms)
			AfterProcessingInitializeOnLoad (21ms)
			EditorAssembliesLoaded (0ms)
		ExecutionOrderSort2 (0ms)
		AwakeInstancesAfterBackupRestoration (14ms)
Launched and connected shader compiler UnityShaderCompiler.exe after 0.06 seconds
Refreshing native plugins compatible for Editor in 8.54 ms, found 3 plugins.
Preloading 0 native plugins for Editor in 0.00 ms.
Unloading 4355 Unused Serialized files (Serialized files now loaded: 0)
Unloading 56 unused Assets / (416.6 KB). Loaded Objects now: 4820.
Memory consumption went from 160.5 MB to 160.1 MB.
Total: 3.099300 ms (FindLiveObjects: 0.301600 ms CreateObjectMapping: 0.339600 ms MarkObjects: 2.274100 ms  DeleteObjects: 0.183500 ms)

AssetImportParameters requested are different than current active one (requested -> active):
  custom:container-demuxer-ogg: 62fdf1f143b41e24485cea50d1cbac27 -> 
  custom:video-codec-MediaFoundation-h265: 746d11721c4dcdbdad8f713fa42b33f4 -> 
  custom:video-decoder-ogg-theora: a1e56fd34408186e4bbccfd4996cb3dc -> 
  custom:framework-win-MediaFoundation: 216162199b28c13a410421893ffa2e32 -> 
  custom:CustomObjectIndexerAttribute: 756ad292c208cfabdd7b50bc23989ffe -> 
  custom:container-demuxer-webm: 4f35f7cbe854078d1ac9338744f61a02 -> 
  custom:scripting/monoscript/fileName/LeftCollider.cs: 337c5b9a2a4ec12ac842f87a47eb8022 -> 
  custom:scripting/monoscript/fileName/RightCollider.cs: 183500c5071f80168ab39cbe2a553074 -> 
  custom:container-muxer-webm: aa71ff27fc2769a1b78a27578f13a17b -> 
  custom:video-decoder-webm-vp8: 9c59270c3fd7afecdb556c50c9e8de78 -> 
  custom:SearchIndexIgnoredProperties: e643bd26f0fe6173181afceb89e7c659 -> 
  custom:AudioImporter_EditorPlatform: d09bf68614088b80899f8185d706f6e7 -> 
  custom:video-encoder-webm-vp8: eb34c28f22e8b96e1ab97ce403110664 -> 
  custom:audio-decoder-ogg-vorbis: bf7c407c2cedff20999df2af8eb42d56 -> 
  custom:audio-encoder-webm-vorbis: bf7c407c2cedff20999df2af8eb42d56 -> 
  custom:scripting/monoscript/fileName/VehicleDetector.cs: decc38217c0e3c3a5ca392c6e3843249 -> d9d56898f95309d2e0468771b4a2e518
========================================================================
Received Prepare
Begin MonoManager ReloadAssembly
- Loaded All Assemblies, in  0.771 seconds
Refreshing native plugins compatible for Editor in 13.15 ms, found 3 plugins.
Native extension for UWP target not found
Native extension for WindowsStandalone target not found
Native extension for Android target not found
Native extension for WebGL target not found
[Package Manager] Server::EnsureServerProcessIsRunning -- launch failed, reason: Unity was launched with the -noUpm command-line argument
[Package Manager] UpmClient::Send -- Unable to send message (not connected to UPM process).
[Package Manager] Cannot connect to Unity Package Manager local server
Mono: successfully reloaded assembly
- Finished resetting the current domain, in  2.406 seconds
Domain Reload Profiling: 3164ms
	BeginReloadAssembly (220ms)
		ExecutionOrderSort (0ms)
		DisableScriptedObjects (4ms)
		BackupInstance (0ms)
		ReleaseScriptingObjects (0ms)
		CreateAndSetChildDomain (35ms)
	RebuildCommonClasses (40ms)
	RebuildNativeTypeToScriptingClass (13ms)
	initialDomainReloadingComplete (52ms)
	LoadAllAssembliesAndSetupDomain (433ms)
		LoadAssemblies (557ms)
		RebuildTransferFunctionScriptingTraits (0ms)
		AnalyzeDomain (16ms)
			TypeCache.Refresh (7ms)
				TypeCache.ScanAssembly (0ms)
			ScanForSourceGeneratedMonoScriptInfo (0ms)
			ResolveRequiredComponents (8ms)
	FinalizeReload (2406ms)
		ReleaseScriptCaches (0ms)
		RebuildScriptCaches (0ms)
		SetupLoadedEditorAssemblies (774ms)
			LogAssemblyErrors (0ms)
			InitializePlatformSupportModulesInManaged (52ms)
			SetLoadedEditorAssemblies (5ms)
			RefreshPlugins (0ms)
			BeforeProcessingInitializeOnLoad (174ms)
			ProcessInitializeOnLoadAttributes (439ms)
			ProcessInitializeOnLoadMethodAttributes (77ms)
			AfterProcessingInitializeOnLoad (26ms)
			EditorAssembliesLoaded (0ms)
		ExecutionOrderSort2 (0ms)
		AwakeInstancesAfterBackupRestoration (17ms)
Refreshing native plugins compatible for Editor in 11.02 ms, found 3 plugins.
Preloading 0 native plugins for Editor in 0.00 ms.
Unloading 4334 Unused Serialized files (Serialized files now loaded: 0)
Unloading 32 unused Assets / (388.5 KB). Loaded Objects now: 4835.
Memory consumption went from 156.8 MB to 156.4 MB.
Total: 3.231700 ms (FindLiveObjects: 0.352500 ms CreateObjectMapping: 0.448000 ms MarkObjects: 2.330800 ms  DeleteObjects: 0.099500 ms)

Prepare: number of updated asset objects reloaded= 0
AssetImportParameters requested are different than current active one (requested -> active):
  custom:container-demuxer-ogg: 62fdf1f143b41e24485cea50d1cbac27 -> 
  custom:video-codec-MediaFoundation-h265: 746d11721c4dcdbdad8f713fa42b33f4 -> 
  custom:video-decoder-ogg-theora: a1e56fd34408186e4bbccfd4996cb3dc -> 
  custom:framework-win-MediaFoundation: 216162199b28c13a410421893ffa2e32 -> 
  custom:CustomObjectIndexerAttribute: 756ad292c208cfabdd7b50bc23989ffe -> 
  custom:container-demuxer-webm: 4f35f7cbe854078d1ac9338744f61a02 -> 
  custom:scripting/monoscript/fileName/LeftCollider.cs: 337c5b9a2a4ec12ac842f87a47eb8022 -> 
  custom:scripting/monoscript/fileName/RightCollider.cs: 183500c5071f80168ab39cbe2a553074 -> 
  custom:container-muxer-webm: aa71ff27fc2769a1b78a27578f13a17b -> 
  custom:video-decoder-webm-vp8: 9c59270c3fd7afecdb556c50c9e8de78 -> 
  custom:SearchIndexIgnoredProperties: e643bd26f0fe6173181afceb89e7c659 -> 
  custom:AudioImporter_EditorPlatform: d09bf68614088b80899f8185d706f6e7 -> 
  custom:video-encoder-webm-vp8: eb34c28f22e8b96e1ab97ce403110664 -> 
  custom:audio-decoder-ogg-vorbis: bf7c407c2cedff20999df2af8eb42d56 -> 
  custom:audio-encoder-webm-vorbis: bf7c407c2cedff20999df2af8eb42d56 -> 
  custom:scripting/monoscript/fileName/VehicleDetector.cs: decc38217c0e3c3a5ca392c6e3843249 -> d9d56898f95309d2e0468771b4a2e518
========================================================================
Received Prepare
Begin MonoManager ReloadAssembly
- Loaded All Assemblies, in  0.748 seconds
Refreshing native plugins compatible for Editor in 10.47 ms, found 3 plugins.
Native extension for UWP target not found
Native extension for WindowsStandalone target not found
Native extension for Android target not found
Native extension for WebGL target not found
[Package Manager] Server::EnsureServerProcessIsRunning -- launch failed, reason: Unity was launched with the -noUpm command-line argument
[Package Manager] UpmClient::Send -- Unable to send message (not connected to UPM process).
[Package Manager] Cannot connect to Unity Package Manager local server
Mono: successfully reloaded assembly
- Finished resetting the current domain, in  2.242 seconds
Domain Reload Profiling: 2978ms
	BeginReloadAssembly (224ms)
		ExecutionOrderSort (0ms)
		DisableScriptedObjects (4ms)
		BackupInstance (0ms)
		ReleaseScriptingObjects (0ms)
		CreateAndSetChildDomain (40ms)
	RebuildCommonClasses (46ms)
	RebuildNativeTypeToScriptingClass (11ms)
	initialDomainReloadingComplete (49ms)
	LoadAllAssembliesAndSetupDomain (405ms)
		LoadAssemblies (527ms)
		RebuildTransferFunctionScriptingTraits (0ms)
		AnalyzeDomain (16ms)
			TypeCache.Refresh (6ms)
				TypeCache.ScanAssembly (0ms)
			ScanForSourceGeneratedMonoScriptInfo (0ms)
			ResolveRequiredComponents (8ms)
	FinalizeReload (2242ms)
		ReleaseScriptCaches (0ms)
		RebuildScriptCaches (0ms)
		SetupLoadedEditorAssemblies (705ms)
			LogAssemblyErrors (0ms)
			InitializePlatformSupportModulesInManaged (52ms)
			SetLoadedEditorAssemblies (4ms)
			RefreshPlugins (0ms)
			BeforeProcessingInitializeOnLoad (157ms)
			ProcessInitializeOnLoadAttributes (393ms)
			ProcessInitializeOnLoadMethodAttributes (71ms)
			AfterProcessingInitializeOnLoad (27ms)
			EditorAssembliesLoaded (0ms)
		ExecutionOrderSort2 (0ms)
		AwakeInstancesAfterBackupRestoration (18ms)
Refreshing native plugins compatible for Editor in 11.44 ms, found 3 plugins.
Preloading 0 native plugins for Editor in 0.00 ms.
Unloading 4334 Unused Serialized files (Serialized files now loaded: 0)
Unloading 32 unused Assets / (388.6 KB). Loaded Objects now: 4850.
Memory consumption went from 158.7 MB to 158.3 MB.
Total: 3.750300 ms (FindLiveObjects: 0.340400 ms CreateObjectMapping: 0.373300 ms MarkObjects: 2.903400 ms  DeleteObjects: 0.132100 ms)

Prepare: number of updated asset objects reloaded= 0
AssetImportParameters requested are different than current active one (requested -> active):
  custom:container-demuxer-ogg: 62fdf1f143b41e24485cea50d1cbac27 -> 
  custom:video-codec-MediaFoundation-h265: 746d11721c4dcdbdad8f713fa42b33f4 -> 
  custom:video-decoder-ogg-theora: a1e56fd34408186e4bbccfd4996cb3dc -> 
  custom:framework-win-MediaFoundation: 216162199b28c13a410421893ffa2e32 -> 
  custom:CustomObjectIndexerAttribute: 756ad292c208cfabdd7b50bc23989ffe -> 
  custom:container-demuxer-webm: 4f35f7cbe854078d1ac9338744f61a02 -> 
  custom:scripting/monoscript/fileName/LeftCollider.cs: 337c5b9a2a4ec12ac842f87a47eb8022 -> 
  custom:scripting/monoscript/fileName/RightCollider.cs: 183500c5071f80168ab39cbe2a553074 -> 
  custom:container-muxer-webm: aa71ff27fc2769a1b78a27578f13a17b -> 
  custom:video-decoder-webm-vp8: 9c59270c3fd7afecdb556c50c9e8de78 -> 
  custom:SearchIndexIgnoredProperties: e643bd26f0fe6173181afceb89e7c659 -> 
  custom:AudioImporter_EditorPlatform: d09bf68614088b80899f8185d706f6e7 -> 
  custom:video-encoder-webm-vp8: eb34c28f22e8b96e1ab97ce403110664 -> 
  custom:audio-decoder-ogg-vorbis: bf7c407c2cedff20999df2af8eb42d56 -> 
  custom:audio-encoder-webm-vorbis: bf7c407c2cedff20999df2af8eb42d56 -> 
  custom:scripting/monoscript/fileName/VehicleDetector.cs: decc38217c0e3c3a5ca392c6e3843249 -> d9d56898f95309d2e0468771b4a2e518
========================================================================
Received Import Request.
  Time since last request: 430157.181257 seconds.
  path: Assets/06.Animations/Timmy@Lefts Avoid.fbx
  artifactKey: Guid(62c1d80f7b9d20840a7de66ab113332a) Importer(815301076,1909f56bfc062723c751e8b465ee728b)
Start importing Assets/06.Animations/Timmy@Lefts Avoid.fbx using Guid(62c1d80f7b9d20840a7de66ab113332a) Importer(815301076,1909f56bfc062723c751e8b465ee728b)  -> (artifact id: 'd3f27ccb4203a2bb483ac08d601b81c7') in 0.029907 seconds
Number of updated asset objects reloaded before import = 0
Number of asset objects unloaded after import = 135
========================================================================
Received Import Request.
  Time since last request: 6.702262 seconds.
  path: Assets/06.Animations/Timmy@Left Avoid.fbx
  artifactKey: Guid(663aa26302973bb42952c53fe1fca687) Importer(815301076,1909f56bfc062723c751e8b465ee728b)
Start importing Assets/06.Animations/Timmy@Left Avoid.fbx using Guid(663aa26302973bb42952c53fe1fca687) Importer(815301076,1909f56bfc062723c751e8b465ee728b)  -> (artifact id: 'cc46a05dd0fcefa5029fe615f24fb68d') in 0.004485 seconds
Number of updated asset objects reloaded before import = 0
Number of asset objects unloaded after import = 135
========================================================================
Received Import Request.
  Time since last request: 9.294627 seconds.
  path: Assets/06.Animations/Timmy@Right Avoid.fbx
  artifactKey: Guid(62c1d80f7b9d20840a7de66ab113332a) Importer(815301076,1909f56bfc062723c751e8b465ee728b)
Start importing Assets/06.Animations/Timmy@Right Avoid.fbx using Guid(62c1d80f7b9d20840a7de66ab113332a) Importer(815301076,1909f56bfc062723c751e8b465ee728b)  -> (artifact id: '2023606c696eb6c1628d051ddf4da574') in 0.004254 seconds
Number of updated asset objects reloaded before import = 0
Number of asset objects unloaded after import = 135
========================================================================
Received Prepare
Begin MonoManager ReloadAssembly
- Loaded All Assemblies, in  0.741 seconds
Refreshing native plugins compatible for Editor in 10.10 ms, found 3 plugins.
Native extension for UWP target not found
Native extension for WindowsStandalone target not found
Native extension for Android target not found
Native extension for WebGL target not found
[Package Manager] Server::EnsureServerProcessIsRunning -- launch failed, reason: Unity was launched with the -noUpm command-line argument
[Package Manager] UpmClient::Send -- Unable to send message (not connected to UPM process).
[Package Manager] Cannot connect to Unity Package Manager local server
Mono: successfully reloaded assembly
- Finished resetting the current domain, in  2.276 seconds
Domain Reload Profiling: 3006ms
	BeginReloadAssembly (213ms)
		ExecutionOrderSort (0ms)
		DisableScriptedObjects (4ms)
		BackupInstance (0ms)
		ReleaseScriptingObjects (0ms)
		CreateAndSetChildDomain (38ms)
	RebuildCommonClasses (36ms)
	RebuildNativeTypeToScriptingClass (12ms)
	initialDomainReloadingComplete (57ms)
	LoadAllAssembliesAndSetupDomain (411ms)
		LoadAssemblies (523ms)
		RebuildTransferFunctionScriptingTraits (0ms)
		AnalyzeDomain (17ms)
			TypeCache.Refresh (7ms)
				TypeCache.ScanAssembly (0ms)
			ScanForSourceGeneratedMonoScriptInfo (0ms)
			ResolveRequiredComponents (9ms)
	FinalizeReload (2277ms)
		ReleaseScriptCaches (0ms)
		RebuildScriptCaches (0ms)
		SetupLoadedEditorAssemblies (652ms)
			LogAssemblyErrors (0ms)
			InitializePlatformSupportModulesInManaged (48ms)
			SetLoadedEditorAssemblies (5ms)
			RefreshPlugins (0ms)
			BeforeProcessingInitializeOnLoad (161ms)
			ProcessInitializeOnLoadAttributes (353ms)
			ProcessInitializeOnLoadMethodAttributes (61ms)
			AfterProcessingInitializeOnLoad (24ms)
			EditorAssembliesLoaded (0ms)
		ExecutionOrderSort2 (0ms)
		AwakeInstancesAfterBackupRestoration (13ms)
Refreshing native plugins compatible for Editor in 9.76 ms, found 3 plugins.
Preloading 0 native plugins for Editor in 0.00 ms.
Unloading 4333 Unused Serialized files (Serialized files now loaded: 0)
Unloading 32 unused Assets / (388.5 KB). Loaded Objects now: 4866.
Memory consumption went from 160.4 MB to 160.1 MB.
Total: 3.081900 ms (FindLiveObjects: 0.341200 ms CreateObjectMapping: 0.347900 ms MarkObjects: 2.299700 ms  DeleteObjects: 0.091800 ms)

Prepare: number of updated asset objects reloaded= 0
AssetImportParameters requested are different than current active one (requested -> active):
  custom:container-demuxer-ogg: 62fdf1f143b41e24485cea50d1cbac27 -> 
  custom:video-codec-MediaFoundation-h265: 746d11721c4dcdbdad8f713fa42b33f4 -> 
  custom:video-decoder-ogg-theora: a1e56fd34408186e4bbccfd4996cb3dc -> 
  custom:framework-win-MediaFoundation: 216162199b28c13a410421893ffa2e32 -> 
  custom:CustomObjectIndexerAttribute: 756ad292c208cfabdd7b50bc23989ffe -> 
  custom:container-demuxer-webm: 4f35f7cbe854078d1ac9338744f61a02 -> 
  custom:scripting/monoscript/fileName/LeftCollider.cs: 337c5b9a2a4ec12ac842f87a47eb8022 -> 
  custom:scripting/monoscript/fileName/RightCollider.cs: 183500c5071f80168ab39cbe2a553074 -> 
  custom:container-muxer-webm: aa71ff27fc2769a1b78a27578f13a17b -> 
  custom:video-decoder-webm-vp8: 9c59270c3fd7afecdb556c50c9e8de78 -> 
  custom:SearchIndexIgnoredProperties: e643bd26f0fe6173181afceb89e7c659 -> 
  custom:AudioImporter_EditorPlatform: d09bf68614088b80899f8185d706f6e7 -> 
  custom:video-encoder-webm-vp8: eb34c28f22e8b96e1ab97ce403110664 -> 
  custom:audio-decoder-ogg-vorbis: bf7c407c2cedff20999df2af8eb42d56 -> 
  custom:audio-encoder-webm-vorbis: bf7c407c2cedff20999df2af8eb42d56 -> 
  custom:scripting/monoscript/fileName/VehicleDetector.cs: decc38217c0e3c3a5ca392c6e3843249 -> d9d56898f95309d2e0468771b4a2e518
========================================================================
Received Prepare
Begin MonoManager ReloadAssembly
- Loaded All Assemblies, in  0.754 seconds
Refreshing native plugins compatible for Editor in 11.84 ms, found 3 plugins.
Native extension for UWP target not found
Native extension for WindowsStandalone target not found
Native extension for Android target not found
Native extension for WebGL target not found
[Package Manager] Server::EnsureServerProcessIsRunning -- launch failed, reason: Unity was launched with the -noUpm command-line argument
[Package Manager] UpmClient::Send -- Unable to send message (not connected to UPM process).
[Package Manager] Cannot connect to Unity Package Manager local server
Mono: successfully reloaded assembly
- Finished resetting the current domain, in  2.277 seconds
Domain Reload Profiling: 3020ms
	BeginReloadAssembly (216ms)
		ExecutionOrderSort (0ms)
		DisableScriptedObjects (4ms)
		BackupInstance (0ms)
		ReleaseScriptingObjects (0ms)
		CreateAndSetChildDomain (36ms)
	RebuildCommonClasses (36ms)
	RebuildNativeTypeToScriptingClass (11ms)
	initialDomainReloadingComplete (51ms)
	LoadAllAssembliesAndSetupDomain (428ms)
		LoadAssemblies (543ms)
		RebuildTransferFunctionScriptingTraits (0ms)
		AnalyzeDomain (18ms)
			TypeCache.Refresh (7ms)
				TypeCache.ScanAssembly (0ms)
			ScanForSourceGeneratedMonoScriptInfo (0ms)
			ResolveRequiredComponents (9ms)
	FinalizeReload (2278ms)
		ReleaseScriptCaches (0ms)
		RebuildScriptCaches (0ms)
		SetupLoadedEditorAssemblies (700ms)
			LogAssemblyErrors (0ms)
			InitializePlatformSupportModulesInManaged (43ms)
			SetLoadedEditorAssemblies (4ms)
			RefreshPlugins (0ms)
			BeforeProcessingInitializeOnLoad (158ms)
			ProcessInitializeOnLoadAttributes (393ms)
			ProcessInitializeOnLoadMethodAttributes (75ms)
			AfterProcessingInitializeOnLoad (26ms)
			EditorAssembliesLoaded (0ms)
		ExecutionOrderSort2 (0ms)
		AwakeInstancesAfterBackupRestoration (17ms)
Refreshing native plugins compatible for Editor in 11.26 ms, found 3 plugins.
Preloading 0 native plugins for Editor in 0.00 ms.
Unloading 4334 Unused Serialized files (Serialized files now loaded: 0)
Unloading 32 unused Assets / (388.5 KB). Loaded Objects now: 4881.
Memory consumption went from 162.6 MB to 162.3 MB.
Total: 3.035000 ms (FindLiveObjects: 0.313500 ms CreateObjectMapping: 0.294100 ms MarkObjects: 2.308200 ms  DeleteObjects: 0.118100 ms)

Prepare: number of updated asset objects reloaded= 0
AssetImportParameters requested are different than current active one (requested -> active):
  custom:container-demuxer-ogg: 62fdf1f143b41e24485cea50d1cbac27 -> 
  custom:video-codec-MediaFoundation-h265: 746d11721c4dcdbdad8f713fa42b33f4 -> 
  custom:video-decoder-ogg-theora: a1e56fd34408186e4bbccfd4996cb3dc -> 
  custom:framework-win-MediaFoundation: 216162199b28c13a410421893ffa2e32 -> 
  custom:CustomObjectIndexerAttribute: 756ad292c208cfabdd7b50bc23989ffe -> 
  custom:container-demuxer-webm: 4f35f7cbe854078d1ac9338744f61a02 -> 
  custom:scripting/monoscript/fileName/LeftCollider.cs: 337c5b9a2a4ec12ac842f87a47eb8022 -> 
  custom:scripting/monoscript/fileName/RightCollider.cs: 183500c5071f80168ab39cbe2a553074 -> 
  custom:container-muxer-webm: aa71ff27fc2769a1b78a27578f13a17b -> 
  custom:video-decoder-webm-vp8: 9c59270c3fd7afecdb556c50c9e8de78 -> 
  custom:SearchIndexIgnoredProperties: e643bd26f0fe6173181afceb89e7c659 -> 
  custom:AudioImporter_EditorPlatform: d09bf68614088b80899f8185d706f6e7 -> 
  custom:video-encoder-webm-vp8: eb34c28f22e8b96e1ab97ce403110664 -> 
  custom:audio-decoder-ogg-vorbis: bf7c407c2cedff20999df2af8eb42d56 -> 
  custom:audio-encoder-webm-vorbis: bf7c407c2cedff20999df2af8eb42d56 -> 
  custom:scripting/monoscript/fileName/VehicleDetector.cs: decc38217c0e3c3a5ca392c6e3843249 -> d9d56898f95309d2e0468771b4a2e518
========================================================================
Received Import Request.
  Time since last request: 142.252846 seconds.
  path: Assets/01.Scenes/Game.unity
  artifactKey: Guid(9fc0d4010bbf28b4594072e72b8655ab) Importer(815301076,1909f56bfc062723c751e8b465ee728b)
Start importing Assets/01.Scenes/Game.unity using Guid(9fc0d4010bbf28b4594072e72b8655ab) Importer(815301076,1909f56bfc062723c751e8b465ee728b)  -> (artifact id: 'ad9f306a5580da4baf19392b0ea128ba') in 0.004008 seconds
Number of updated asset objects reloaded before import = 0
Number of asset objects unloaded after import = 0
========================================================================
Received Import Request.
  Time since last request: 0.550063 seconds.
  path: Assets/01.Scenes/Title.unity
  artifactKey: Guid(6b24025e4677db14abfa8ea53212a0cf) Importer(815301076,1909f56bfc062723c751e8b465ee728b)
Start importing Assets/01.Scenes/Title.unity using Guid(6b24025e4677db14abfa8ea53212a0cf) Importer(815301076,1909f56bfc062723c751e8b465ee728b)  -> (artifact id: '98cb720821e86346944f3fdadd8c30f8') in 0.000697 seconds
Number of updated asset objects reloaded before import = 0
Number of asset objects unloaded after import = 0
========================================================================
Received Prepare
Begin MonoManager ReloadAssembly
- Loaded All Assemblies, in  0.762 seconds
Refreshing native plugins compatible for Editor in 9.35 ms, found 3 plugins.
Native extension for UWP target not found
Native extension for WindowsStandalone target not found
Native extension for Android target not found
Native extension for WebGL target not found
[Package Manager] Server::EnsureServerProcessIsRunning -- launch failed, reason: Unity was launched with the -noUpm command-line argument
[Package Manager] UpmClient::Send -- Unable to send message (not connected to UPM process).
[Package Manager] Cannot connect to Unity Package Manager local server
Mono: successfully reloaded assembly
- Finished resetting the current domain, in  2.288 seconds
Domain Reload Profiling: 3038ms
	BeginReloadAssembly (231ms)
		ExecutionOrderSort (0ms)
		DisableScriptedObjects (5ms)
		BackupInstance (0ms)
		ReleaseScriptingObjects (0ms)
		CreateAndSetChildDomain (43ms)
	RebuildCommonClasses (37ms)
	RebuildNativeTypeToScriptingClass (14ms)
	initialDomainReloadingComplete (54ms)
	LoadAllAssembliesAndSetupDomain (414ms)
		LoadAssemblies (541ms)
		RebuildTransferFunctionScriptingTraits (0ms)
		AnalyzeDomain (15ms)
			TypeCache.Refresh (7ms)
				TypeCache.ScanAssembly (0ms)
			ScanForSourceGeneratedMonoScriptInfo (0ms)
			ResolveRequiredComponents (7ms)
	FinalizeReload (2289ms)
		ReleaseScriptCaches (0ms)
		RebuildScriptCaches (0ms)
		SetupLoadedEditorAssemblies (658ms)
			LogAssemblyErrors (0ms)
			InitializePlatformSupportModulesInManaged (44ms)
			SetLoadedEditorAssemblies (4ms)
			RefreshPlugins (0ms)
			BeforeProcessingInitializeOnLoad (146ms)
			ProcessInitializeOnLoadAttributes (369ms)
			ProcessInitializeOnLoadMethodAttributes (69ms)
			AfterProcessingInitializeOnLoad (26ms)
			EditorAssembliesLoaded (0ms)
		ExecutionOrderSort2 (0ms)
		AwakeInstancesAfterBackupRestoration (15ms)
Refreshing native plugins compatible for Editor in 9.39 ms, found 3 plugins.
Preloading 0 native plugins for Editor in 0.00 ms.
Unloading 4333 Unused Serialized files (Serialized files now loaded: 0)
Unloading 32 unused Assets / (388.5 KB). Loaded Objects now: 4896.
Memory consumption went from 164.3 MB to 164.0 MB.
Total: 2.955800 ms (FindLiveObjects: 0.296000 ms CreateObjectMapping: 0.302500 ms MarkObjects: 2.262100 ms  DeleteObjects: 0.094300 ms)

Prepare: number of updated asset objects reloaded= 0
AssetImportParameters requested are different than current active one (requested -> active):
  custom:container-demuxer-ogg: 62fdf1f143b41e24485cea50d1cbac27 -> 
  custom:video-codec-MediaFoundation-h265: 746d11721c4dcdbdad8f713fa42b33f4 -> 
  custom:video-decoder-ogg-theora: a1e56fd34408186e4bbccfd4996cb3dc -> 
  custom:framework-win-MediaFoundation: 216162199b28c13a410421893ffa2e32 -> 
  custom:CustomObjectIndexerAttribute: 756ad292c208cfabdd7b50bc23989ffe -> 
  custom:container-demuxer-webm: 4f35f7cbe854078d1ac9338744f61a02 -> 
  custom:scripting/monoscript/fileName/LeftCollider.cs: 337c5b9a2a4ec12ac842f87a47eb8022 -> 
  custom:scripting/monoscript/fileName/RightCollider.cs: 183500c5071f80168ab39cbe2a553074 -> 
  custom:container-muxer-webm: aa71ff27fc2769a1b78a27578f13a17b -> 
  custom:video-decoder-webm-vp8: 9c59270c3fd7afecdb556c50c9e8de78 -> 
  custom:SearchIndexIgnoredProperties: e643bd26f0fe6173181afceb89e7c659 -> 
  custom:AudioImporter_EditorPlatform: d09bf68614088b80899f8185d706f6e7 -> 
  custom:video-encoder-webm-vp8: eb34c28f22e8b96e1ab97ce403110664 -> 
  custom:audio-decoder-ogg-vorbis: bf7c407c2cedff20999df2af8eb42d56 -> 
  custom:audio-encoder-webm-vorbis: bf7c407c2cedff20999df2af8eb42d56 -> 
  custom:scripting/monoscript/fileName/VehicleDetector.cs: decc38217c0e3c3a5ca392c6e3843249 -> d9d56898f95309d2e0468771b4a2e518
========================================================================
Received Prepare
Begin MonoManager ReloadAssembly
- Loaded All Assemblies, in  0.756 seconds
Refreshing native plugins compatible for Editor in 9.59 ms, found 3 plugins.
Native extension for UWP target not found
Native extension for WindowsStandalone target not found
Native extension for Android target not found
Native extension for WebGL target not found
[Package Manager] Server::EnsureServerProcessIsRunning -- launch failed, reason: Unity was launched with the -noUpm command-line argument
[Package Manager] UpmClient::Send -- Unable to send message (not connected to UPM process).
[Package Manager] Cannot connect to Unity Package Manager local server
Mono: successfully reloaded assembly
- Finished resetting the current domain, in  2.235 seconds
Domain Reload Profiling: 2978ms
	BeginReloadAssembly (225ms)
		ExecutionOrderSort (0ms)
		DisableScriptedObjects (4ms)
		BackupInstance (0ms)
		ReleaseScriptingObjects (0ms)
		CreateAndSetChildDomain (37ms)
	RebuildCommonClasses (42ms)
	RebuildNativeTypeToScriptingClass (11ms)
	initialDomainReloadingComplete (49ms)
	LoadAllAssembliesAndSetupDomain (415ms)
		LoadAssemblies (540ms)
		RebuildTransferFunctionScriptingTraits (0ms)
		AnalyzeDomain (16ms)
			TypeCache.Refresh (7ms)
				TypeCache.ScanAssembly (0ms)
			ScanForSourceGeneratedMonoScriptInfo (0ms)
			ResolveRequiredComponents (8ms)
	FinalizeReload (2235ms)
		ReleaseScriptCaches (0ms)
		RebuildScriptCaches (0ms)
		SetupLoadedEditorAssemblies (704ms)
			LogAssemblyErrors (0ms)
			InitializePlatformSupportModulesInManaged (48ms)
			SetLoadedEditorAssemblies (6ms)
			RefreshPlugins (0ms)
			BeforeProcessingInitializeOnLoad (160ms)
			ProcessInitializeOnLoadAttributes (391ms)
			ProcessInitializeOnLoadMethodAttributes (73ms)
			AfterProcessingInitializeOnLoad (26ms)
			EditorAssembliesLoaded (0ms)
		ExecutionOrderSort2 (0ms)
		AwakeInstancesAfterBackupRestoration (17ms)
Refreshing native plugins compatible for Editor in 11.14 ms, found 3 plugins.
Preloading 0 native plugins for Editor in 0.00 ms.
Unloading 4334 Unused Serialized files (Serialized files now loaded: 0)
Unloading 32 unused Assets / (388.6 KB). Loaded Objects now: 4911.
Memory consumption went from 166.5 MB to 166.2 MB.
Total: 3.164700 ms (FindLiveObjects: 0.307700 ms CreateObjectMapping: 0.324400 ms MarkObjects: 2.430200 ms  DeleteObjects: 0.101500 ms)

Prepare: number of updated asset objects reloaded= 0
AssetImportParameters requested are different than current active one (requested -> active):
  custom:container-demuxer-ogg: 62fdf1f143b41e24485cea50d1cbac27 -> 
  custom:video-codec-MediaFoundation-h265: 746d11721c4dcdbdad8f713fa42b33f4 -> 
  custom:video-decoder-ogg-theora: a1e56fd34408186e4bbccfd4996cb3dc -> 
  custom:framework-win-MediaFoundation: 216162199b28c13a410421893ffa2e32 -> 
  custom:CustomObjectIndexerAttribute: 756ad292c208cfabdd7b50bc23989ffe -> 
  custom:container-demuxer-webm: 4f35f7cbe854078d1ac9338744f61a02 -> 
  custom:scripting/monoscript/fileName/LeftCollider.cs: 337c5b9a2a4ec12ac842f87a47eb8022 -> 
  custom:scripting/monoscript/fileName/RightCollider.cs: 183500c5071f80168ab39cbe2a553074 -> 
  custom:container-muxer-webm: aa71ff27fc2769a1b78a27578f13a17b -> 
  custom:video-decoder-webm-vp8: 9c59270c3fd7afecdb556c50c9e8de78 -> 
  custom:SearchIndexIgnoredProperties: e643bd26f0fe6173181afceb89e7c659 -> 
  custom:AudioImporter_EditorPlatform: d09bf68614088b80899f8185d706f6e7 -> 
  custom:video-encoder-webm-vp8: eb34c28f22e8b96e1ab97ce403110664 -> 
  custom:audio-decoder-ogg-vorbis: bf7c407c2cedff20999df2af8eb42d56 -> 
  custom:audio-encoder-webm-vorbis: bf7c407c2cedff20999df2af8eb42d56 -> 
  custom:scripting/monoscript/fileName/VehicleDetector.cs: decc38217c0e3c3a5ca392c6e3843249 -> d9d56898f95309d2e0468771b4a2e518
========================================================================
Received Import Request.
  Time since last request: 212.462491 seconds.
  path: Assets/Ex.External Assets/Puzzle stage & settings GUI Pack/Image_red/b/exit.png
  artifactKey: Guid(b885797a3eb90f74cb080e193d106c6f) Importer(815301076,1909f56bfc062723c751e8b465ee728b)
Start importing Assets/Ex.External Assets/Puzzle stage & settings GUI Pack/Image_red/b/exit.png using Guid(b885797a3eb90f74cb080e193d106c6f) Importer(815301076,1909f56bfc062723c751e8b465ee728b)  -> (artifact id: 'cdb8fb7299b6b73a6c0130a0d01772d3') in 0.124744 seconds
Number of updated asset objects reloaded before import = 0
Number of asset objects unloaded after import = 3
========================================================================
Received Import Request.
  Time since last request: 12.254526 seconds.
  path: Assets/Ex.External Assets/Puzzle stage & settings GUI Pack/Image_red/bar.png
  artifactKey: Guid(b0add21f966f0cd498a4880b53be17d8) Importer(815301076,1909f56bfc062723c751e8b465ee728b)
Start importing Assets/Ex.External Assets/Puzzle stage & settings GUI Pack/Image_red/bar.png using Guid(b0add21f966f0cd498a4880b53be17d8) Importer(815301076,1909f56bfc062723c751e8b465ee728b)  -> (artifact id: '336b6eb5c7db20302cf8ab48d690d359') in 0.038643 seconds
Number of updated asset objects reloaded before import = 0
Number of asset objects unloaded after import = 3
========================================================================
Received Import Request.
  Time since last request: 0.001259 seconds.
  path: Assets/Ex.External Assets/Puzzle stage & settings GUI Pack/Image_red/box.png
  artifactKey: Guid(9c1e15ce258b75b479c38de4b37da8dd) Importer(815301076,1909f56bfc062723c751e8b465ee728b)
Start importing Assets/Ex.External Assets/Puzzle stage & settings GUI Pack/Image_red/box.png using Guid(9c1e15ce258b75b479c38de4b37da8dd) Importer(815301076,1909f56bfc062723c751e8b465ee728b)  -> (artifact id: 'fe8df101846993384e38135b7d3e29da') in 0.109534 seconds
Number of updated asset objects reloaded before import = 0
Number of asset objects unloaded after import = 3
========================================================================
Received Import Request.
  Time since last request: 0.000017 seconds.
  path: Assets/Ex.External Assets/Puzzle stage & settings GUI Pack/Image_red/goods coin.png
  artifactKey: Guid(40824727f84f86b49b379f1ed9a1f7ad) Importer(815301076,1909f56bfc062723c751e8b465ee728b)
Start importing Assets/Ex.External Assets/Puzzle stage & settings GUI Pack/Image_red/goods coin.png using Guid(40824727f84f86b49b379f1ed9a1f7ad) Importer(815301076,1909f56bfc062723c751e8b465ee728b)  -> (artifact id: 'd33a34aa59a69457f5ddefd0b2e4ea51') in 0.044697 seconds
Number of updated asset objects reloaded before import = 0
Number of asset objects unloaded after import = 3
========================================================================
Received Import Request.
  Time since last request: 0.000013 seconds.
  path: Assets/Ex.External Assets/Puzzle stage & settings GUI Pack/Image_red/goods jelly.png
  artifactKey: Guid(0b7d24aa5c71add4dbfdd85f131667f3) Importer(815301076,1909f56bfc062723c751e8b465ee728b)
Start importing Assets/Ex.External Assets/Puzzle stage & settings GUI Pack/Image_red/goods jelly.png using Guid(0b7d24aa5c71add4dbfdd85f131667f3) Importer(815301076,1909f56bfc062723c751e8b465ee728b)  -> (artifact id: 'a65eab4c5f54b810781774a7ac09741d') in 0.043657 seconds
Number of updated asset objects reloaded before import = 0
Number of asset objects unloaded after import = 3
========================================================================
Received Import Request.
  Time since last request: 0.813753 seconds.
  path: Assets/Ex.External Assets/Puzzle stage & settings GUI Pack/Image_red/jelly.png
  artifactKey: Guid(a09b81883fd657243ae113396d6d132a) Importer(815301076,1909f56bfc062723c751e8b465ee728b)
Start importing Assets/Ex.External Assets/Puzzle stage & settings GUI Pack/Image_red/jelly.png using Guid(a09b81883fd657243ae113396d6d132a) Importer(815301076,1909f56bfc062723c751e8b465ee728b)  -> (artifact id: '7dff6840f15fac25b65b6ad567f2a5ac') in 0.036282 seconds
Number of updated asset objects reloaded before import = 0
Number of asset objects unloaded after import = 3
========================================================================
Received Import Request.
  Time since last request: 0.276098 seconds.
  path: Assets/Ex.External Assets/Puzzle stage & settings GUI Pack/Image_red/line.png
  artifactKey: Guid(b7d15dce14a31754e9d444d941f099fe) Importer(815301076,1909f56bfc062723c751e8b465ee728b)
Start importing Assets/Ex.External Assets/Puzzle stage & settings GUI Pack/Image_red/line.png using Guid(b7d15dce14a31754e9d444d941f099fe) Importer(815301076,1909f56bfc062723c751e8b465ee728b)  -> (artifact id: 'eadebd8b73a345127fab101edeb264fb') in 0.026540 seconds
Number of updated asset objects reloaded before import = 0
Number of asset objects unloaded after import = 3
========================================================================
Received Import Request.
  Time since last request: 8.925805 seconds.
  path: Assets/Ex.External Assets/Puzzle stage & settings GUI Pack/Image_red/b
  artifactKey: Guid(62da390b8c76a9642be4774eabd1147e) Importer(815301076,1909f56bfc062723c751e8b465ee728b)
Start importing Assets/Ex.External Assets/Puzzle stage & settings GUI Pack/Image_red/b using Guid(62da390b8c76a9642be4774eabd1147e) Importer(815301076,1909f56bfc062723c751e8b465ee728b)  -> (artifact id: 'ccb90bbc127c829f4a655fb888cf64bb') in 0.000644 seconds
Number of updated asset objects reloaded before import = 0
Number of asset objects unloaded after import = 0
========================================================================
Received Import Request.
  Time since last request: 3.832580 seconds.
  path: Assets/Ex.External Assets/Puzzle stage & settings GUI Pack/Image_red/s_b/check.png
  artifactKey: Guid(bf64810f63f5dae48a2c131f6c17c8f0) Importer(815301076,1909f56bfc062723c751e8b465ee728b)
Start importing Assets/Ex.External Assets/Puzzle stage & settings GUI Pack/Image_red/s_b/check.png using Guid(bf64810f63f5dae48a2c131f6c17c8f0) Importer(815301076,1909f56bfc062723c751e8b465ee728b)  -> (artifact id: '04d8b33ac7e33f8c89e7e78840a572a6') in 0.047703 seconds
Number of updated asset objects reloaded before import = 0
Number of asset objects unloaded after import = 3
========================================================================
Received Import Request.
  Time since last request: 0.000017 seconds.
  path: Assets/Ex.External Assets/Puzzle stage & settings GUI Pack/Image_red/s_b/information.png
  artifactKey: Guid(7931c00ae3b66f24eac718770757b68f) Importer(815301076,1909f56bfc062723c751e8b465ee728b)
Start importing Assets/Ex.External Assets/Puzzle stage & settings GUI Pack/Image_red/s_b/information.png using Guid(7931c00ae3b66f24eac718770757b68f) Importer(815301076,1909f56bfc062723c751e8b465ee728b)  -> (artifact id: 'def38a5738c48d4e4b090a6289872d94') in 0.082446 seconds
Number of updated asset objects reloaded before import = 0
Number of asset objects unloaded after import = 3
========================================================================
Received Import Request.
  Time since last request: 52.157734 seconds.
  path: Assets/01.Scenes/Game.unity
  artifactKey: Guid(9fc0d4010bbf28b4594072e72b8655ab) Importer(815301076,1909f56bfc062723c751e8b465ee728b)
Start importing Assets/01.Scenes/Game.unity using Guid(9fc0d4010bbf28b4594072e72b8655ab) Importer(815301076,1909f56bfc062723c751e8b465ee728b)  -> (artifact id: '617296a0353105e01f0a769b1cb357ed') in 0.000724 seconds
Number of updated asset objects reloaded before import = 0
Number of asset objects unloaded after import = 0
========================================================================
Received Import Request.
  Time since last request: 88.975445 seconds.
  path: Assets/Ex.External Assets/Puzzle stage & settings GUI Pack/Image_red/txt/6.png
  artifactKey: Guid(23e3d98c600d5024eabfbf2ad8d05ac2) Importer(815301076,1909f56bfc062723c751e8b465ee728b)
Start importing Assets/Ex.External Assets/Puzzle stage & settings GUI Pack/Image_red/txt/6.png using Guid(23e3d98c600d5024eabfbf2ad8d05ac2) Importer(815301076,1909f56bfc062723c751e8b465ee728b)  -> (artifact id: '21c2ef30aafdc64ca069c5a7fe841574') in 0.034726 seconds
Number of updated asset objects reloaded before import = 0
Number of asset objects unloaded after import = 3
========================================================================
Received Import Request.
  Time since last request: 0.000017 seconds.
  path: Assets/Ex.External Assets/Puzzle stage & settings GUI Pack/Image_red/txt/8.png
  artifactKey: Guid(3a3e77f192862d242b71404ff4e77291) Importer(815301076,1909f56bfc062723c751e8b465ee728b)
Start importing Assets/Ex.External Assets/Puzzle stage & settings GUI Pack/Image_red/txt/8.png using Guid(3a3e77f192862d242b71404ff4e77291) Importer(815301076,1909f56bfc062723c751e8b465ee728b)  -> (artifact id: '60235ed6dfb36291c4983a8cbc46fb74') in 0.041441 seconds
Number of updated asset objects reloaded before import = 0
Number of asset objects unloaded after import = 3
========================================================================
Received Import Request.
  Time since last request: 0.000019 seconds.
  path: Assets/Ex.External Assets/Puzzle stage & settings GUI Pack/Image_red/txt/music.png
  artifactKey: Guid(2be49958f1e7e7f4eaf3a8d3534df240) Importer(815301076,1909f56bfc062723c751e8b465ee728b)
Start importing Assets/Ex.External Assets/Puzzle stage & settings GUI Pack/Image_red/txt/music.png using Guid(2be49958f1e7e7f4eaf3a8d3534df240) Importer(815301076,1909f56bfc062723c751e8b465ee728b)  -> (artifact id: '7b53f114fd30cc0eb02c08777e79c4d1') in 0.032097 seconds
Number of updated asset objects reloaded before import = 0
Number of asset objects unloaded after import = 3
========================================================================
Received Import Request.
  Time since last request: 1005.739784 seconds.
  path: Assets/Resources/Pause Panel.prefab
  artifactKey: Guid(99b9b5b8e24b13b4fb3add3133da9ac9) Importer(815301076,1909f56bfc062723c751e8b465ee728b)
Start importing Assets/Resources/Pause Panel.prefab using Guid(99b9b5b8e24b13b4fb3add3133da9ac9) Importer(815301076,1909f56bfc062723c751e8b465ee728b)  -> (artifact id: 'bf4d096a0c35c423d04f8e07a3693322') in 0.020014 seconds
Number of updated asset objects reloaded before import = 0
Number of asset objects unloaded after import = 29
========================================================================
Received Import Request.
  Time since last request: 100.148852 seconds.
  path: Assets/Ex.External Assets/Puzzle stage & settings GUI Pack/Image_purple/bar.png
  artifactKey: Guid(4f8ebc950bdaf204497fcc3817737877) Importer(815301076,1909f56bfc062723c751e8b465ee728b)
Start importing Assets/Ex.External Assets/Puzzle stage & settings GUI Pack/Image_purple/bar.png using Guid(4f8ebc950bdaf204497fcc3817737877) Importer(815301076,1909f56bfc062723c751e8b465ee728b)  -> (artifact id: 'aeeff63fa2f2149f54221fe9dbdb83c2') in 0.033276 seconds
Number of updated asset objects reloaded before import = 0
Number of asset objects unloaded after import = 3
========================================================================
Received Import Request.
  Time since last request: 0.000018 seconds.
  path: Assets/Ex.External Assets/Puzzle stage & settings GUI Pack/Image_purple/goods.png
  artifactKey: Guid(800f01761e2f00f44ba66b2a3e43ff02) Importer(815301076,1909f56bfc062723c751e8b465ee728b)
Start importing Assets/Ex.External Assets/Puzzle stage & settings GUI Pack/Image_purple/goods.png using Guid(800f01761e2f00f44ba66b2a3e43ff02) Importer(815301076,1909f56bfc062723c751e8b465ee728b)  -> (artifact id: 'e3838d666fde5aa8c5b900e93f479a8f') in 0.069897 seconds
Number of updated asset objects reloaded before import = 0
Number of asset objects unloaded after import = 3
========================================================================
Received Import Request.
  Time since last request: 0.000015 seconds.
  path: Assets/Ex.External Assets/Puzzle stage & settings GUI Pack/Image_purple/candy bar.png
  artifactKey: Guid(a09e1d58476695d48af4d3c67ca1e8cb) Importer(815301076,1909f56bfc062723c751e8b465ee728b)
Start importing Assets/Ex.External Assets/Puzzle stage & settings GUI Pack/Image_purple/candy bar.png using Guid(a09e1d58476695d48af4d3c67ca1e8cb) Importer(815301076,1909f56bfc062723c751e8b465ee728b)  -> (artifact id: '3f79f22e10315963f41d566470679288') in 0.029897 seconds
Number of updated asset objects reloaded before import = 0
Number of asset objects unloaded after import = 3
========================================================================
Received Import Request.
  Time since last request: 0.000016 seconds.
  path: Assets/Ex.External Assets/Puzzle stage & settings GUI Pack/Image_purple/goods jelly.png
  artifactKey: Guid(c85d29e8447ea6f44b3e759626bea0bc) Importer(815301076,1909f56bfc062723c751e8b465ee728b)
Start importing Assets/Ex.External Assets/Puzzle stage & settings GUI Pack/Image_purple/goods jelly.png using Guid(c85d29e8447ea6f44b3e759626bea0bc) Importer(815301076,1909f56bfc062723c751e8b465ee728b)  -> (artifact id: 'd2c64e8679126bf5d68c27e39595cf36') in 0.047523 seconds
Number of updated asset objects reloaded before import = 0
Number of asset objects unloaded after import = 3
========================================================================
Received Import Request.
  Time since last request: 0.000017 seconds.
  path: Assets/Ex.External Assets/Puzzle stage & settings GUI Pack/Image_purple/box.png
  artifactKey: Guid(83fce0d829b19e54981bcaec8dfe8fdb) Importer(815301076,1909f56bfc062723c751e8b465ee728b)
Start importing Assets/Ex.External Assets/Puzzle stage & settings GUI Pack/Image_purple/box.png using Guid(83fce0d829b19e54981bcaec8dfe8fdb) Importer(815301076,1909f56bfc062723c751e8b465ee728b)  -> (artifact id: 'f3efa8e7028a53a5d3f12b7fd0afe149') in 0.068739 seconds
Number of updated asset objects reloaded before import = 0
Number of asset objects unloaded after import = 3
========================================================================
Received Import Request.
  Time since last request: 0.423953 seconds.
  path: Assets/Ex.External Assets/Puzzle stage & settings GUI Pack/Image_pink/bar.png
  artifactKey: Guid(58267d4e77b520746aabf2cba97a595c) Importer(815301076,1909f56bfc062723c751e8b465ee728b)
Start importing Assets/Ex.External Assets/Puzzle stage & settings GUI Pack/Image_pink/bar.png using Guid(58267d4e77b520746aabf2cba97a595c) Importer(815301076,1909f56bfc062723c751e8b465ee728b)  -> (artifact id: 'c5383b8fd4cf119a167ba348b202044b') in 0.030612 seconds
Number of updated asset objects reloaded before import = 0
Number of asset objects unloaded after import = 3
========================================================================
Received Import Request.
  Time since last request: 0.000019 seconds.
  path: Assets/Ex.External Assets/Puzzle stage & settings GUI Pack/Image_pink/coin.png
  artifactKey: Guid(0c05fe7b21ad57e4389433edf7931bb3) Importer(815301076,1909f56bfc062723c751e8b465ee728b)
Start importing Assets/Ex.External Assets/Puzzle stage & settings GUI Pack/Image_pink/coin.png using Guid(0c05fe7b21ad57e4389433edf7931bb3) Importer(815301076,1909f56bfc062723c751e8b465ee728b)  -> (artifact id: 'fab10e1996d92d6d7b9128d1597d4df8') in 0.061007 seconds
Number of updated asset objects reloaded before import = 0
Number of asset objects unloaded after import = 3
========================================================================
Received Import Request.
  Time since last request: 0.000021 seconds.
  path: Assets/Ex.External Assets/Puzzle stage & settings GUI Pack/Image_pink/candy bar.png
  artifactKey: Guid(ccf15d81a2920354aa2f8854783a95d6) Importer(815301076,1909f56bfc062723c751e8b465ee728b)
Start importing Assets/Ex.External Assets/Puzzle stage & settings GUI Pack/Image_pink/candy bar.png using Guid(ccf15d81a2920354aa2f8854783a95d6) Importer(815301076,1909f56bfc062723c751e8b465ee728b)  -> (artifact id: '4c724b08a6a7f5fe5c83448213c69793') in 0.031169 seconds
Number of updated asset objects reloaded before import = 0
Number of asset objects unloaded after import = 3
========================================================================
Received Import Request.
  Time since last request: 0.000015 seconds.
  path: Assets/Ex.External Assets/Puzzle stage & settings GUI Pack/Image_pink/goods jelly.png
  artifactKey: Guid(572ba9107d10daa4595876bd0514c1f6) Importer(815301076,1909f56bfc062723c751e8b465ee728b)
Start importing Assets/Ex.External Assets/Puzzle stage & settings GUI Pack/Image_pink/goods jelly.png using Guid(572ba9107d10daa4595876bd0514c1f6) Importer(815301076,1909f56bfc062723c751e8b465ee728b)  -> (artifact id: 'b86989be261023e7d6cc5b4416c2590b') in 0.047012 seconds
Number of updated asset objects reloaded before import = 0
Number of asset objects unloaded after import = 3
========================================================================
Received Import Request.
  Time since last request: 1.921378 seconds.
  path: Assets/Ex.External Assets/Puzzle stage & settings GUI Pack/Image_orange/box.png
  artifactKey: Guid(202177b6b0004194c9a73925af30b426) Importer(815301076,1909f56bfc062723c751e8b465ee728b)
Start importing Assets/Ex.External Assets/Puzzle stage & settings GUI Pack/Image_orange/box.png using Guid(202177b6b0004194c9a73925af30b426) Importer(815301076,1909f56bfc062723c751e8b465ee728b)  -> (artifact id: '7c48b97d0290283bf4d262b6cf42683a') in 0.075397 seconds
Number of updated asset objects reloaded before import = 0
Number of asset objects unloaded after import = 3
========================================================================
Received Import Request.
  Time since last request: 0.000015 seconds.
  path: Assets/Ex.External Assets/Puzzle stage & settings GUI Pack/Image_orange/jelly.png
  artifactKey: Guid(17d7fe1d152e44c429b80bb7ecbad707) Importer(815301076,1909f56bfc062723c751e8b465ee728b)
Start importing Assets/Ex.External Assets/Puzzle stage & settings GUI Pack/Image_orange/jelly.png using Guid(17d7fe1d152e44c429b80bb7ecbad707) Importer(815301076,1909f56bfc062723c751e8b465ee728b)  -> (artifact id: 'a697d6b8d1300eaacef17d482954ba83') in 0.030850 seconds
Number of updated asset objects reloaded before import = 0
Number of asset objects unloaded after import = 3
========================================================================
Received Import Request.
  Time since last request: 0.000021 seconds.
  path: Assets/Ex.External Assets/Puzzle stage & settings GUI Pack/Image_orange/item box_jelly.png
  artifactKey: Guid(13970f1d17051db43b69130e5a951eac) Importer(815301076,1909f56bfc062723c751e8b465ee728b)
Start importing Assets/Ex.External Assets/Puzzle stage & settings GUI Pack/Image_orange/item box_jelly.png using Guid(13970f1d17051db43b69130e5a951eac) Importer(815301076,1909f56bfc062723c751e8b465ee728b)  -> (artifact id: 'a5d3a5f04a139ef3ad1a005ce9020384') in 0.038002 seconds
Number of updated asset objects reloaded before import = 0
Number of asset objects unloaded after import = 3
========================================================================
Received Import Request.
  Time since last request: 0.339194 seconds.
  path: Assets/Ex.External Assets/Puzzle stage & settings GUI Pack/Image_green/bar.png
  artifactKey: Guid(4583774c720a19b4b9e6f304ebc89917) Importer(815301076,1909f56bfc062723c751e8b465ee728b)
Start importing Assets/Ex.External Assets/Puzzle stage & settings GUI Pack/Image_green/bar.png using Guid(4583774c720a19b4b9e6f304ebc89917) Importer(815301076,1909f56bfc062723c751e8b465ee728b)  -> (artifact id: 'f21c0e85083c03e80beb98ed59e76f29') in 0.029809 seconds
Number of updated asset objects reloaded before import = 0
Number of asset objects unloaded after import = 3
========================================================================
Received Import Request.
  Time since last request: 0.000017 seconds.
  path: Assets/Ex.External Assets/Puzzle stage & settings GUI Pack/Image_green/candy bar.png
  artifactKey: Guid(389f7ee28bb8fd64b856a0812f5dd053) Importer(815301076,1909f56bfc062723c751e8b465ee728b)
Start importing Assets/Ex.External Assets/Puzzle stage & settings GUI Pack/Image_green/candy bar.png using Guid(389f7ee28bb8fd64b856a0812f5dd053) Importer(815301076,1909f56bfc062723c751e8b465ee728b)  -> (artifact id: '0ddcf402876ec829750092fbb526ed65') in 0.028789 seconds
Number of updated asset objects reloaded before import = 0
Number of asset objects unloaded after import = 3
========================================================================
Received Import Request.
  Time since last request: 0.000017 seconds.
  path: Assets/Ex.External Assets/Puzzle stage & settings GUI Pack/Image_green/goods.png
  artifactKey: Guid(a0cba62c3c83f33449560df9d5412e65) Importer(815301076,1909f56bfc062723c751e8b465ee728b)
Start importing Assets/Ex.External Assets/Puzzle stage & settings GUI Pack/Image_green/goods.png using Guid(a0cba62c3c83f33449560df9d5412e65) Importer(815301076,1909f56bfc062723c751e8b465ee728b)  -> (artifact id: 'b28eb86a6fcdb5d7d02878602507c3dd') in 0.038713 seconds
Number of updated asset objects reloaded before import = 0
Number of asset objects unloaded after import = 3
========================================================================
Received Import Request.
  Time since last request: 0.000022 seconds.
  path: Assets/Ex.External Assets/Puzzle stage & settings GUI Pack/Image_green/goods jelly.png
  artifactKey: Guid(e29babf1b68936d41ba9d42663ef8914) Importer(815301076,1909f56bfc062723c751e8b465ee728b)
Start importing Assets/Ex.External Assets/Puzzle stage & settings GUI Pack/Image_green/goods jelly.png using Guid(e29babf1b68936d41ba9d42663ef8914) Importer(815301076,1909f56bfc062723c751e8b465ee728b)  -> (artifact id: '1fe12590261db87c5e1784491649ae55') in 0.045762 seconds
Number of updated asset objects reloaded before import = 0
Number of asset objects unloaded after import = 3
========================================================================
Received Import Request.
  Time since last request: 0.000015 seconds.
  path: Assets/Ex.External Assets/Puzzle stage & settings GUI Pack/Image_green/goods coin.png
  artifactKey: Guid(47c9f9dee77073148a8b59aaf28d746c) Importer(815301076,1909f56bfc062723c751e8b465ee728b)
Start importing Assets/Ex.External Assets/Puzzle stage & settings GUI Pack/Image_green/goods coin.png using Guid(47c9f9dee77073148a8b59aaf28d746c) Importer(815301076,1909f56bfc062723c751e8b465ee728b)  -> (artifact id: '95fd2d59329be716f34b7b5c2aa15cb0') in 0.041561 seconds
Number of updated asset objects reloaded before import = 0
Number of asset objects unloaded after import = 3
========================================================================
Received Import Request.
  Time since last request: 0.455119 seconds.
  path: Assets/Ex.External Assets/Puzzle stage & settings GUI Pack/Image_blue/bar.png
  artifactKey: Guid(3158a81040271944c86df426100da268) Importer(815301076,1909f56bfc062723c751e8b465ee728b)
Start importing Assets/Ex.External Assets/Puzzle stage & settings GUI Pack/Image_blue/bar.png using Guid(3158a81040271944c86df426100da268) Importer(815301076,1909f56bfc062723c751e8b465ee728b)  -> (artifact id: 'cb891b659df4f8c49584c3ad58418576') in 0.028317 seconds
Number of updated asset objects reloaded before import = 0
Number of asset objects unloaded after import = 3
========================================================================
Received Import Request.
  Time since last request: 0.000017 seconds.
  path: Assets/Ex.External Assets/Puzzle stage & settings GUI Pack/Image_blue/goods coin.png
  artifactKey: Guid(0c3a399b9e30d1b469bc1a30f525cc54) Importer(815301076,1909f56bfc062723c751e8b465ee728b)
Start importing Assets/Ex.External Assets/Puzzle stage & settings GUI Pack/Image_blue/goods coin.png using Guid(0c3a399b9e30d1b469bc1a30f525cc54) Importer(815301076,1909f56bfc062723c751e8b465ee728b)  -> (artifact id: '667ba58c4748afa352d532138528157f') in 0.062075 seconds
Number of updated asset objects reloaded before import = 0
Number of asset objects unloaded after import = 3
========================================================================
Received Import Request.
  Time since last request: 0.000015 seconds.
  path: Assets/Ex.External Assets/Puzzle stage & settings GUI Pack/Image_blue/goods.png
  artifactKey: Guid(653092db9e2c4d046980acb06734105b) Importer(815301076,1909f56bfc062723c751e8b465ee728b)
Start importing Assets/Ex.External Assets/Puzzle stage & settings GUI Pack/Image_blue/goods.png using Guid(653092db9e2c4d046980acb06734105b) Importer(815301076,1909f56bfc062723c751e8b465ee728b)  -> (artifact id: '9c890818d21104b3f8a0864177499412') in 0.034920 seconds
Number of updated asset objects reloaded before import = 0
Number of asset objects unloaded after import = 3
========================================================================
Received Import Request.
  Time since last request: 0.000023 seconds.
  path: Assets/Ex.External Assets/Puzzle stage & settings GUI Pack/Image_blue/goods jelly.png
  artifactKey: Guid(3b65451688d9fa342b0452991bc90243) Importer(815301076,1909f56bfc062723c751e8b465ee728b)
Start importing Assets/Ex.External Assets/Puzzle stage & settings GUI Pack/Image_blue/goods jelly.png using Guid(3b65451688d9fa342b0452991bc90243) Importer(815301076,1909f56bfc062723c751e8b465ee728b)  -> (artifact id: '156cb4cae341666aa6611192350eb198') in 0.042527 seconds
Number of updated asset objects reloaded before import = 0
Number of asset objects unloaded after import = 3
========================================================================
Received Import Request.
  Time since last request: 46.867997 seconds.
  path: Assets/Ex.External Assets/Puzzle stage & settings GUI Pack/Image_pink/jelly.png
  artifactKey: Guid(5d10556eacfce5344b8d87e5d203f4bf) Importer(815301076,1909f56bfc062723c751e8b465ee728b)
Start importing Assets/Ex.External Assets/Puzzle stage & settings GUI Pack/Image_pink/jelly.png using Guid(5d10556eacfce5344b8d87e5d203f4bf) Importer(815301076,1909f56bfc062723c751e8b465ee728b)  -> (artifact id: '50cbe2cc281758c3987102fbf3229461') in 0.029489 seconds
Number of updated asset objects reloaded before import = 0
Number of asset objects unloaded after import = 3
========================================================================
Received Import Request.
  Time since last request: 1.399105 seconds.
  path: Assets/Ex.External Assets/Puzzle stage & settings GUI Pack/Image_pink/s_b
  artifactKey: Guid(0d528e54eb04e39408949a892a5eb498) Importer(815301076,1909f56bfc062723c751e8b465ee728b)
Start importing Assets/Ex.External Assets/Puzzle stage & settings GUI Pack/Image_pink/s_b using Guid(0d528e54eb04e39408949a892a5eb498) Importer(815301076,1909f56bfc062723c751e8b465ee728b)  -> (artifact id: 'b32a3753203968cd522bce2d2a107c66') in 0.000610 seconds
Number of updated asset objects reloaded before import = 0
Number of asset objects unloaded after import = 0
========================================================================
Received Import Request.
  Time since last request: 0.200959 seconds.
  path: Assets/Ex.External Assets/Puzzle stage & settings GUI Pack/Image_pink/s_b/check.png
  artifactKey: Guid(3cf85df19ea3a9c48b298a4faa6cdd5c) Importer(815301076,1909f56bfc062723c751e8b465ee728b)
Start importing Assets/Ex.External Assets/Puzzle stage & settings GUI Pack/Image_pink/s_b/check.png using Guid(3cf85df19ea3a9c48b298a4faa6cdd5c) Importer(815301076,1909f56bfc062723c751e8b465ee728b)  -> (artifact id: 'eb8f3e7d71980224b17c38ce7a7e98cb') in 0.041421 seconds
Number of updated asset objects reloaded before import = 0
Number of asset objects unloaded after import = 3
========================================================================
Received Import Request.
  Time since last request: 0.000023 seconds.
  path: Assets/Ex.External Assets/Puzzle stage & settings GUI Pack/Image_pink/s_b/menu.png
  artifactKey: Guid(329bc0acbba5bcc4e951e6974bb2e79c) Importer(815301076,1909f56bfc062723c751e8b465ee728b)
Start importing Assets/Ex.External Assets/Puzzle stage & settings GUI Pack/Image_pink/s_b/menu.png using Guid(329bc0acbba5bcc4e951e6974bb2e79c) Importer(815301076,1909f56bfc062723c751e8b465ee728b)  -> (artifact id: '565a08551ec61987c751c968fed45268') in 0.047195 seconds
Number of updated asset objects reloaded before import = 0
Number of asset objects unloaded after import = 3
========================================================================
Received Import Request.
  Time since last request: 0.000014 seconds.
  path: Assets/Ex.External Assets/Puzzle stage & settings GUI Pack/Image_pink/s_b/music1.png
  artifactKey: Guid(9a195a41f9860eb469522f4de00f15a7) Importer(815301076,1909f56bfc062723c751e8b465ee728b)
Start importing Assets/Ex.External Assets/Puzzle stage & settings GUI Pack/Image_pink/s_b/music1.png using Guid(9a195a41f9860eb469522f4de00f15a7) Importer(815301076,1909f56bfc062723c751e8b465ee728b)  -> (artifact id: '5244b08b0ec1fee33a94f6379fb56c09') in 0.039670 seconds
Number of updated asset objects reloaded before import = 0
Number of asset objects unloaded after import = 3
========================================================================
Received Import Request.
  Time since last request: 1.833907 seconds.
  path: Assets/Ex.External Assets/Puzzle stage & settings GUI Pack/Image_pink/b/exit.png
  artifactKey: Guid(a9aba066b1fb8094ba1e60087649a91d) Importer(815301076,1909f56bfc062723c751e8b465ee728b)
Start importing Assets/Ex.External Assets/Puzzle stage & settings GUI Pack/Image_pink/b/exit.png using Guid(a9aba066b1fb8094ba1e60087649a91d) Importer(815301076,1909f56bfc062723c751e8b465ee728b)  -> (artifact id: 'ac4e937a043f867487232e453fb219b4') in 0.058030 seconds
Number of updated asset objects reloaded before import = 0
Number of asset objects unloaded after import = 3
========================================================================
Received Import Request.
  Time since last request: 106.134975 seconds.
  path: Assets/Ex.External Assets/Puzzle stage & settings GUI Pack/Image_pink/txt/6.png
  artifactKey: Guid(c5b01292c2594f34eaeaaf44e6eb1d58) Importer(815301076,1909f56bfc062723c751e8b465ee728b)
Start importing Assets/Ex.External Assets/Puzzle stage & settings GUI Pack/Image_pink/txt/6.png using Guid(c5b01292c2594f34eaeaaf44e6eb1d58) Importer(815301076,1909f56bfc062723c751e8b465ee728b)  -> (artifact id: 'd24a8fa667039953a6807290d8a3ebe1') in 0.036076 seconds
Number of updated asset objects reloaded before import = 0
Number of asset objects unloaded after import = 3
========================================================================
Received Import Request.
  Time since last request: 0.000019 seconds.
  path: Assets/Ex.External Assets/Puzzle stage & settings GUI Pack/Image_pink/txt/music.png
  artifactKey: Guid(2c441df47baee7846b79d72e831f079f) Importer(815301076,1909f56bfc062723c751e8b465ee728b)
Start importing Assets/Ex.External Assets/Puzzle stage & settings GUI Pack/Image_pink/txt/music.png using Guid(2c441df47baee7846b79d72e831f079f) Importer(815301076,1909f56bfc062723c751e8b465ee728b)  -> (artifact id: 'f3d704b12a36b48c0a52b7959ee852dc') in 0.072971 seconds
Number of updated asset objects reloaded before import = 0
Number of asset objects unloaded after import = 3
========================================================================
Received Import Request.
  Time since last request: 20.518383 seconds.
  path: Assets/Resources/Game Over Panel.prefab
  artifactKey: Guid(d88dbddbd30b147419a4c1a8f8028834) Importer(815301076,1909f56bfc062723c751e8b465ee728b)
Start importing Assets/Resources/Game Over Panel.prefab using Guid(d88dbddbd30b147419a4c1a8f8028834) Importer(815301076,1909f56bfc062723c751e8b465ee728b)  -> (artifact id: 'dc169940763694d68dcc60bbe68572d8') in 0.003621 seconds
Number of updated asset objects reloaded before import = 0
Number of asset objects unloaded after import = 17
